#
# There is insufficient memory for the Java Runtime Environment to continue.
# Native memory allocation (malloc) failed to allocate 430256 bytes for Chunk::new
# Possible reasons:
#   The system is out of physical RAM or swap space
#   The process is running with CompressedOops enabled, and the Java Heap may be blocking the growth of the native heap
# Possible solutions:
#   Reduce memory load on the system
#   Increase physical memory or swap space
#   Check if swap backing store is full
#   Decrease Java heap size (-Xmx/-Xms)
#   Decrease number of Java threads
#   Decrease Java thread stack sizes (-Xss)
#   Set larger code cache with -XX:ReservedCodeCacheSize=
#   JVM is running with Zero Based Compressed Oops mode in which the Java heap is
#     placed in the first 32GB address space. The Java Heap base address is the
#     maximum limit for the native heap growth. Please use -XX:HeapBaseMinAddress
#     to set the Java Heap base and to place the Java Heap above 32GB virtual address.
# This output file may be truncated or incomplete.
#
#  Out of Memory Error (arena.cpp:197), pid=16744, tid=17512
#
# JRE version: OpenJDK Runtime Environment Corretto-11.0.23.9.1 (11.0.23+9) (build 11.0.23+9-LTS)
# Java VM: OpenJDK 64-Bit Server VM Corretto-11.0.23.9.1 (11.0.23+9-LTS, mixed mode, tiered, compressed oops, g1 gc, windows-amd64)
# No core dump will be written. Minidumps are not enabled by default on client versions of Windows
#

---------------  S U M M A R Y ------------

Command Line: -javaagent:C:\Program Files\JetBrains\IntelliJIdea2024.2\lib\idea_rt.jar=54377:C:\Program Files\JetBrains\IntelliJIdea2024.2\bin -Dfile.encoding=UTF-8 com.example.expressfood.ExpressFoodApplication

Host: AMD Ryzen 7 4800HS with Radeon Graphics        , 16 cores, 15G,  Windows 10 , 64 bit Build 19041 (10.0.19041.4957)
Time: Sat Nov  9 17:13:12 2024 Russia TZ 4 Standard Time elapsed time: 86.394232 seconds (0d 0h 1m 26s)

---------------  T H R E A D  ---------------

Current thread (0x00000183c6cea800):  JavaThread "C2 CompilerThread0" daemon [_thread_in_native, id=17512, stack(0x0000008090300000,0x0000008090400000)]


Current CompileTask:
C2:  86394 9046   !   4       sun.net.www.ParseUtil::decode (317 bytes)

Stack: [0x0000008090300000,0x0000008090400000]
Native frames: (J=compiled Java code, j=interpreted, Vv=VM code, C=native code)
V  [jvm.dll+0x645c0a]
V  [jvm.dll+0x7d9fe9]
V  [jvm.dll+0x7db6e9]
V  [jvm.dll+0x7dbdd3]
V  [jvm.dll+0x2696b5]
V  [jvm.dll+0xc1dbc]
V  [jvm.dll+0xc236c]
V  [jvm.dll+0x379ae2]
V  [jvm.dll+0x1b3812]
V  [jvm.dll+0x22199f]
V  [jvm.dll+0x220858]
V  [jvm.dll+0x19e631]
V  [jvm.dll+0x2306f9]
V  [jvm.dll+0x22e86f]
V  [jvm.dll+0x79b241]
V  [jvm.dll+0x793f14]
V  [jvm.dll+0x6449c5]
C  [ucrtbase.dll+0x21bb2]
C  [KERNEL32.DLL+0x17374]
C  [ntdll.dll+0x4cc91]


---------------  P R O C E S S  ---------------

Threads class SMR info:
_java_thread_list=0x00000183d089eec0, length=35, elements={
0x00000183c6c68000, 0x00000183c6c69000, 0x00000183c6ce1800, 0x00000183c6ce5000,
0x00000183c6ce7800, 0x00000183c6cea800, 0x00000183c6ceb800, 0x00000183c6ced000,
0x00000183c6e62800, 0x00000183c7455800, 0x00000183c7b28000, 0x00000183c7cec800,
0x00000183c9ab4000, 0x00000183c96d8000, 0x00000183d0be1000, 0x00000183d0bde800,
0x00000183d0be2000, 0x00000183d0be2800, 0x00000183d0be5000, 0x00000183d0be0000,
0x00000183ccf0a000, 0x00000183ccf04000, 0x00000183ccf07800, 0x00000183ccf05000,
0x00000183ccf05800, 0x00000183ccf09000, 0x00000183ccf08000, 0x00000183ccf0a800,
0x00000183ccf0b800, 0x00000183ccf0c800, 0x00000183ccf06800, 0x00000183ccf11000,
0x00000183ccf13000, 0x00000183ccf0e000, 0x00000183c6cf8800
}

Java Threads: ( => current thread )
  0x00000183c6c68000 JavaThread "Reference Handler" daemon [_thread_blocked, id=22252, stack(0x000000808fe00000,0x000000808ff00000)]
  0x00000183c6c69000 JavaThread "Finalizer" daemon [_thread_blocked, id=21716, stack(0x000000808ff00000,0x0000008090000000)]
  0x00000183c6ce1800 JavaThread "Signal Dispatcher" daemon [_thread_blocked, id=12324, stack(0x0000008090000000,0x0000008090100000)]
  0x00000183c6ce5000 JavaThread "Attach Listener" daemon [_thread_blocked, id=5900, stack(0x0000008090100000,0x0000008090200000)]
  0x00000183c6ce7800 JavaThread "Service Thread" daemon [_thread_blocked, id=18800, stack(0x0000008090200000,0x0000008090300000)]
=>0x00000183c6cea800 JavaThread "C2 CompilerThread0" daemon [_thread_in_native, id=17512, stack(0x0000008090300000,0x0000008090400000)]
  0x00000183c6ceb800 JavaThread "C1 CompilerThread0" daemon [_thread_blocked, id=22148, stack(0x0000008090400000,0x0000008090500000)]
  0x00000183c6ced000 JavaThread "Sweeper thread" daemon [_thread_blocked, id=14800, stack(0x0000008090500000,0x0000008090600000)]
  0x00000183c6e62800 JavaThread "Common-Cleaner" daemon [_thread_blocked, id=14492, stack(0x0000008090600000,0x0000008090700000)]
  0x00000183c7455800 JavaThread "Monitor Ctrl-Break" daemon [_thread_in_native, id=22564, stack(0x0000008090a00000,0x0000008090b00000)]
  0x00000183c7b28000 JavaThread "RMI TCP Accept-0" daemon [_thread_in_native, id=12568, stack(0x0000008091500000,0x0000008091600000)]
  0x00000183c7cec800 JavaThread "RMI TCP Connection(1)-172.20.10.13" daemon [_thread_in_native, id=3400, stack(0x0000008091600000,0x0000008091700000)]
  0x00000183c9ab4000 JavaThread "RMI Scheduler(0)" daemon [_thread_blocked, id=3352, stack(0x0000008091a00000,0x0000008091b00000)]
  0x00000183c96d8000 JavaThread "JMX server connection timeout 29" daemon [_thread_blocked, id=21172, stack(0x0000008091b00000,0x0000008091c00000)]
  0x00000183d0be1000 JavaThread "Catalina-utility-1" [_thread_blocked, id=12976, stack(0x0000008092200000,0x0000008092300000)]
  0x00000183d0bde800 JavaThread "Catalina-utility-2" [_thread_blocked, id=20388, stack(0x0000008092300000,0x0000008092400000)]
  0x00000183d0be2000 JavaThread "container-0" [_thread_blocked, id=18992, stack(0x0000008092400000,0x0000008092500000)]
  0x00000183d0be2800 JavaThread "mysql-cj-abandoned-connection-cleanup" daemon [_thread_blocked, id=11924, stack(0x0000008092500000,0x0000008092600000)]
  0x00000183d0be5000 JavaThread "HikariPool-1 housekeeper" daemon [_thread_blocked, id=19992, stack(0x0000008092700000,0x0000008092800000)]
  0x00000183d0be0000 JavaThread "File Watcher" daemon [_thread_blocked, id=16648, stack(0x0000008092d00000,0x0000008092e00000)]
  0x00000183ccf0a000 JavaThread "Live Reload Server" daemon [_thread_in_native, id=14628, stack(0x0000008092f00000,0x0000008093000000)]
  0x00000183ccf04000 JavaThread "http-nio-8080-exec-1" daemon [_thread_in_Java, id=8028, stack(0x0000008092e00000,0x0000008092f00000)]
  0x00000183ccf07800 JavaThread "http-nio-8080-exec-2" daemon [_thread_blocked, id=20068, stack(0x0000008093000000,0x0000008093100000)]
  0x00000183ccf05000 JavaThread "http-nio-8080-exec-3" daemon [_thread_blocked, id=21452, stack(0x0000008093100000,0x0000008093200000)]
  0x00000183ccf05800 JavaThread "http-nio-8080-exec-4" daemon [_thread_blocked, id=11908, stack(0x0000008093200000,0x0000008093300000)]
  0x00000183ccf09000 JavaThread "http-nio-8080-exec-5" daemon [_thread_blocked, id=17360, stack(0x0000008093300000,0x0000008093400000)]
  0x00000183ccf08000 JavaThread "http-nio-8080-exec-6" daemon [_thread_blocked, id=9972, stack(0x0000008093400000,0x0000008093500000)]
  0x00000183ccf0a800 JavaThread "http-nio-8080-exec-7" daemon [_thread_blocked, id=18212, stack(0x0000008093500000,0x0000008093600000)]
  0x00000183ccf0b800 JavaThread "http-nio-8080-exec-8" daemon [_thread_blocked, id=9520, stack(0x0000008093600000,0x0000008093700000)]
  0x00000183ccf0c800 JavaThread "http-nio-8080-exec-9" daemon [_thread_blocked, id=14932, stack(0x0000008093700000,0x0000008093800000)]
  0x00000183ccf06800 JavaThread "http-nio-8080-exec-10" daemon [_thread_blocked, id=11796, stack(0x0000008093800000,0x0000008093900000)]
  0x00000183ccf11000 JavaThread "http-nio-8080-Poller" daemon [_thread_in_native, id=18692, stack(0x0000008093900000,0x0000008093a00000)]
  0x00000183ccf13000 JavaThread "http-nio-8080-Acceptor" daemon [_thread_in_native, id=10396, stack(0x0000008093a00000,0x0000008093b00000)]
  0x00000183ccf0e000 JavaThread "DestroyJavaVM" [_thread_blocked, id=21192, stack(0x000000808f700000,0x000000808f800000)]
  0x00000183c6cf8800 JavaThread "C2 CompilerThread1" daemon [_thread_in_native, id=23200, stack(0x000000808f400000,0x000000808f500000)]

Other Threads:
  0x00000183c6c67000 VMThread "VM Thread" [stack: 0x000000808fd00000,0x000000808fe00000] [id=11568]
  0x00000183c7458800 WatcherThread [stack: 0x0000008090b00000,0x0000008090c00000] [id=18224]
  0x00000183a1ff1800 GCTaskThread "GC Thread#0" [stack: 0x000000808f800000,0x000000808f900000] [id=13348]
  0x00000183c858d000 GCTaskThread "GC Thread#1" [stack: 0x0000008090f00000,0x0000008091000000] [id=13072]
  0x00000183c7d76000 GCTaskThread "GC Thread#2" [stack: 0x0000008091000000,0x0000008091100000] [id=4644]
  0x00000183c7c70000 GCTaskThread "GC Thread#3" [stack: 0x0000008091100000,0x0000008091200000] [id=5436]
  0x00000183c8423000 GCTaskThread "GC Thread#4" [stack: 0x0000008091200000,0x0000008091300000] [id=19168]
  0x00000183c9834000 GCTaskThread "GC Thread#5" [stack: 0x0000008091700000,0x0000008091800000] [id=23508]
  0x00000183c8995800 GCTaskThread "GC Thread#6" [stack: 0x0000008091d00000,0x0000008091e00000] [id=9780]
  0x00000183c892c800 GCTaskThread "GC Thread#7" [stack: 0x0000008091e00000,0x0000008091f00000] [id=3060]
  0x00000183ccc00800 GCTaskThread "GC Thread#8" [stack: 0x0000008092100000,0x0000008092200000] [id=8116]
  0x00000183cbdcc800 GCTaskThread "GC Thread#9" [stack: 0x0000008092800000,0x0000008092900000] [id=23192]
  0x00000183cbd78000 GCTaskThread "GC Thread#10" [stack: 0x0000008092900000,0x0000008092a00000] [id=21808]
  0x00000183cbdff800 GCTaskThread "GC Thread#11" [stack: 0x0000008092a00000,0x0000008092b00000] [id=21028]
  0x00000183a2052000 ConcurrentGCThread "G1 Main Marker" [stack: 0x000000808f900000,0x000000808fa00000] [id=16272]
  0x00000183a2054800 ConcurrentGCThread "G1 Conc#0" [stack: 0x000000808fa00000,0x000000808fb00000] [id=21972]
  0x00000183c8290800 ConcurrentGCThread "G1 Conc#1" [stack: 0x0000008091800000,0x0000008091900000] [id=17508]
  0x00000183c853c800 ConcurrentGCThread "G1 Conc#2" [stack: 0x0000008091900000,0x0000008091a00000] [id=16704]
  0x00000183c62b6000 ConcurrentGCThread "G1 Refine#0" [stack: 0x000000808fb00000,0x000000808fc00000] [id=21732]
  0x00000183c62b7000 ConcurrentGCThread "G1 Young RemSet Sampling" [stack: 0x000000808fc00000,0x000000808fd00000] [id=12576]

Threads with active compile tasks:
C2 CompilerThread0    86410 9046   !   4       sun.net.www.ParseUtil::decode (317 bytes)
C2 CompilerThread1    86410 9059 %     4       sun.nio.cs.UTF_8$Decoder::decodeArrayLoop @ 73 (691 bytes)

VM state:not at safepoint (normal execution)

VM Mutex/Monitor currently owned by a thread: None

Heap address: 0x0000000709400000, size: 3948 MB, Compressed Oops mode: Zero based, Oop shift amount: 3
Narrow klass base: 0x0000000800000000, Narrow klass shift: 0
Compressed class space size: 1073741824 Address: 0x0000000800000000

Heap:
 garbage-first heap   total 305152K, used 138166K [0x0000000709400000, 0x0000000800000000)
  region size 1024K, 125 young (128000K), 18 survivors (18432K)
 Metaspace       used 80729K, capacity 83118K, committed 83152K, reserved 1122304K
  class space    used 9920K, capacity 10859K, committed 10880K, reserved 1048576K
Heap Regions: E=young(eden), S=young(survivor), O=old, HS=humongous(starts), HC=humongous(continues), CS=collection set, F=free, A=archive, TAMS=top-at-mark-start (previous, next)
|   0|0x0000000709400000, 0x0000000709500000, 0x0000000709500000|100%|HS|  |TAMS 0x0000000709500000, 0x0000000709400000| Complete 
|   1|0x0000000709500000, 0x0000000709600000, 0x0000000709600000|100%| O|  |TAMS 0x0000000709600000, 0x0000000709500000| Untracked 
|   2|0x0000000709600000, 0x0000000709700000, 0x0000000709700000|100%| O|  |TAMS 0x0000000709700000, 0x0000000709600000| Untracked 
|   3|0x0000000709700000, 0x0000000709800000, 0x0000000709800000|100%| O|  |TAMS 0x0000000709800000, 0x0000000709700000| Untracked 
|   4|0x0000000709800000, 0x0000000709900000, 0x0000000709900000|100%| O|  |TAMS 0x0000000709900000, 0x0000000709800000| Untracked 
|   5|0x0000000709900000, 0x0000000709a00000, 0x0000000709a00000|100%| O|  |TAMS 0x0000000709a00000, 0x0000000709900000| Untracked 
|   6|0x0000000709a00000, 0x0000000709b00000, 0x0000000709b00000|100%| O|  |TAMS 0x0000000709b00000, 0x0000000709a00000| Untracked 
|   7|0x0000000709b00000, 0x0000000709c00000, 0x0000000709c00000|100%| O|  |TAMS 0x0000000709c00000, 0x0000000709b00000| Untracked 
|   8|0x0000000709c00000, 0x0000000709d00000, 0x0000000709d00000|100%| O|  |TAMS 0x0000000709d00000, 0x0000000709c00000| Untracked 
|   9|0x0000000709d00000, 0x0000000709e00000, 0x0000000709e00000|100%| O|  |TAMS 0x0000000709e00000, 0x0000000709d00000| Untracked 
|  10|0x0000000709e00000, 0x0000000709effc00, 0x0000000709f00000| 99%| O|  |TAMS 0x0000000709effc00, 0x0000000709e00000| Untracked 
|  11|0x0000000709f00000, 0x0000000709f00000, 0x000000070a000000|  0%| F|  |TAMS 0x0000000709f00000, 0x0000000709f00000| Untracked 
|  12|0x000000070a000000, 0x000000070a000000, 0x000000070a100000|  0%| F|  |TAMS 0x000000070a000000, 0x000000070a000000| Untracked 
|  13|0x000000070a100000, 0x000000070a100000, 0x000000070a200000|  0%| F|  |TAMS 0x000000070a100000, 0x000000070a100000| Untracked 
|  14|0x000000070a200000, 0x000000070a200000, 0x000000070a300000|  0%| F|  |TAMS 0x000000070a200000, 0x000000070a200000| Untracked 
|  15|0x000000070a300000, 0x000000070a300000, 0x000000070a400000|  0%| F|  |TAMS 0x000000070a300000, 0x000000070a300000| Untracked 
|  16|0x000000070a400000, 0x000000070a400000, 0x000000070a500000|  0%| F|  |TAMS 0x000000070a400000, 0x000000070a400000| Untracked 
|  17|0x000000070a500000, 0x000000070a500000, 0x000000070a600000|  0%| F|  |TAMS 0x000000070a500000, 0x000000070a500000| Untracked 
|  18|0x000000070a600000, 0x000000070a600000, 0x000000070a700000|  0%| F|  |TAMS 0x000000070a600000, 0x000000070a600000| Untracked 
|  19|0x000000070a700000, 0x000000070a700000, 0x000000070a800000|  0%| F|  |TAMS 0x000000070a700000, 0x000000070a700000| Untracked 
|  20|0x000000070a800000, 0x000000070a800000, 0x000000070a900000|  0%| F|  |TAMS 0x000000070a800000, 0x000000070a800000| Untracked 
|  21|0x000000070a900000, 0x000000070a900000, 0x000000070aa00000|  0%| F|  |TAMS 0x000000070a900000, 0x000000070a900000| Untracked 
|  22|0x000000070aa00000, 0x000000070aa00000, 0x000000070ab00000|  0%| F|  |TAMS 0x000000070aa00000, 0x000000070aa00000| Untracked 
|  23|0x000000070ab00000, 0x000000070ab00000, 0x000000070ac00000|  0%| F|  |TAMS 0x000000070ab00000, 0x000000070ab00000| Untracked 
|  24|0x000000070ac00000, 0x000000070ac00000, 0x000000070ad00000|  0%| F|  |TAMS 0x000000070ac00000, 0x000000070ac00000| Untracked 
|  25|0x000000070ad00000, 0x000000070ad00000, 0x000000070ae00000|  0%| F|  |TAMS 0x000000070ad00000, 0x000000070ad00000| Untracked 
|  26|0x000000070ae00000, 0x000000070ae00000, 0x000000070af00000|  0%| F|  |TAMS 0x000000070ae00000, 0x000000070ae00000| Untracked 
|  27|0x000000070af00000, 0x000000070af00000, 0x000000070b000000|  0%| F|  |TAMS 0x000000070af00000, 0x000000070af00000| Untracked 
|  28|0x000000070b000000, 0x000000070b000000, 0x000000070b100000|  0%| F|  |TAMS 0x000000070b000000, 0x000000070b000000| Untracked 
|  29|0x000000070b100000, 0x000000070b100000, 0x000000070b200000|  0%| F|  |TAMS 0x000000070b100000, 0x000000070b100000| Untracked 
|  30|0x000000070b200000, 0x000000070b200000, 0x000000070b300000|  0%| F|  |TAMS 0x000000070b200000, 0x000000070b200000| Untracked 
|  31|0x000000070b300000, 0x000000070b300000, 0x000000070b400000|  0%| F|  |TAMS 0x000000070b300000, 0x000000070b300000| Untracked 
|  32|0x000000070b400000, 0x000000070b400000, 0x000000070b500000|  0%| F|  |TAMS 0x000000070b400000, 0x000000070b400000| Untracked 
|  33|0x000000070b500000, 0x000000070b500000, 0x000000070b600000|  0%| F|  |TAMS 0x000000070b500000, 0x000000070b500000| Untracked 
|  34|0x000000070b600000, 0x000000070b600000, 0x000000070b700000|  0%| F|  |TAMS 0x000000070b600000, 0x000000070b600000| Untracked 
|  35|0x000000070b700000, 0x000000070b700000, 0x000000070b800000|  0%| F|  |TAMS 0x000000070b700000, 0x000000070b700000| Untracked 
|  36|0x000000070b800000, 0x000000070b800000, 0x000000070b900000|  0%| F|  |TAMS 0x000000070b800000, 0x000000070b800000| Untracked 
|  37|0x000000070b900000, 0x000000070b900000, 0x000000070ba00000|  0%| F|  |TAMS 0x000000070b900000, 0x000000070b900000| Untracked 
|  38|0x000000070ba00000, 0x000000070ba00000, 0x000000070bb00000|  0%| F|  |TAMS 0x000000070ba00000, 0x000000070ba00000| Untracked 
|  39|0x000000070bb00000, 0x000000070bb00000, 0x000000070bc00000|  0%| F|  |TAMS 0x000000070bb00000, 0x000000070bb00000| Untracked 
|  40|0x000000070bc00000, 0x000000070bc00000, 0x000000070bd00000|  0%| F|  |TAMS 0x000000070bc00000, 0x000000070bc00000| Untracked 
|  41|0x000000070bd00000, 0x000000070bd00000, 0x000000070be00000|  0%| F|  |TAMS 0x000000070bd00000, 0x000000070bd00000| Untracked 
|  42|0x000000070be00000, 0x000000070be00000, 0x000000070bf00000|  0%| F|  |TAMS 0x000000070be00000, 0x000000070be00000| Untracked 
|  43|0x000000070bf00000, 0x000000070bf00000, 0x000000070c000000|  0%| F|  |TAMS 0x000000070bf00000, 0x000000070bf00000| Untracked 
|  44|0x000000070c000000, 0x000000070c000000, 0x000000070c100000|  0%| F|  |TAMS 0x000000070c000000, 0x000000070c000000| Untracked 
|  45|0x000000070c100000, 0x000000070c100000, 0x000000070c200000|  0%| F|  |TAMS 0x000000070c100000, 0x000000070c100000| Untracked 
|  46|0x000000070c200000, 0x000000070c200000, 0x000000070c300000|  0%| F|  |TAMS 0x000000070c200000, 0x000000070c200000| Untracked 
|  47|0x000000070c300000, 0x000000070c300000, 0x000000070c400000|  0%| F|  |TAMS 0x000000070c300000, 0x000000070c300000| Untracked 
|  48|0x000000070c400000, 0x000000070c400000, 0x000000070c500000|  0%| F|  |TAMS 0x000000070c400000, 0x000000070c400000| Untracked 
|  49|0x000000070c500000, 0x000000070c500000, 0x000000070c600000|  0%| F|  |TAMS 0x000000070c500000, 0x000000070c500000| Untracked 
|  50|0x000000070c600000, 0x000000070c600000, 0x000000070c700000|  0%| F|  |TAMS 0x000000070c600000, 0x000000070c600000| Untracked 
|  51|0x000000070c700000, 0x000000070c700000, 0x000000070c800000|  0%| F|  |TAMS 0x000000070c700000, 0x000000070c700000| Untracked 
|  52|0x000000070c800000, 0x000000070c800000, 0x000000070c900000|  0%| F|  |TAMS 0x000000070c800000, 0x000000070c800000| Untracked 
|  53|0x000000070c900000, 0x000000070c900000, 0x000000070ca00000|  0%| F|  |TAMS 0x000000070c900000, 0x000000070c900000| Untracked 
|  54|0x000000070ca00000, 0x000000070ca00000, 0x000000070cb00000|  0%| F|  |TAMS 0x000000070ca00000, 0x000000070ca00000| Untracked 
|  55|0x000000070cb00000, 0x000000070cb00000, 0x000000070cc00000|  0%| F|  |TAMS 0x000000070cb00000, 0x000000070cb00000| Untracked 
|  56|0x000000070cc00000, 0x000000070cc00000, 0x000000070cd00000|  0%| F|  |TAMS 0x000000070cc00000, 0x000000070cc00000| Untracked 
|  57|0x000000070cd00000, 0x000000070cd00000, 0x000000070ce00000|  0%| F|  |TAMS 0x000000070cd00000, 0x000000070cd00000| Untracked 
|  58|0x000000070ce00000, 0x000000070ce00000, 0x000000070cf00000|  0%| F|  |TAMS 0x000000070ce00000, 0x000000070ce00000| Untracked 
|  59|0x000000070cf00000, 0x000000070cf00000, 0x000000070d000000|  0%| F|  |TAMS 0x000000070cf00000, 0x000000070cf00000| Untracked 
|  60|0x000000070d000000, 0x000000070d000000, 0x000000070d100000|  0%| F|  |TAMS 0x000000070d000000, 0x000000070d000000| Untracked 
|  61|0x000000070d100000, 0x000000070d100000, 0x000000070d200000|  0%| F|  |TAMS 0x000000070d100000, 0x000000070d100000| Untracked 
|  62|0x000000070d200000, 0x000000070d200000, 0x000000070d300000|  0%| F|  |TAMS 0x000000070d200000, 0x000000070d200000| Untracked 
|  63|0x000000070d300000, 0x000000070d300000, 0x000000070d400000|  0%| F|  |TAMS 0x000000070d300000, 0x000000070d300000| Untracked 
|  64|0x000000070d400000, 0x000000070d400000, 0x000000070d500000|  0%| F|  |TAMS 0x000000070d400000, 0x000000070d400000| Untracked 
|  65|0x000000070d500000, 0x000000070d500000, 0x000000070d600000|  0%| F|  |TAMS 0x000000070d500000, 0x000000070d500000| Untracked 
|  66|0x000000070d600000, 0x000000070d600000, 0x000000070d700000|  0%| F|  |TAMS 0x000000070d600000, 0x000000070d600000| Untracked 
|  67|0x000000070d700000, 0x000000070d700000, 0x000000070d800000|  0%| F|  |TAMS 0x000000070d700000, 0x000000070d700000| Untracked 
|  68|0x000000070d800000, 0x000000070d800000, 0x000000070d900000|  0%| F|  |TAMS 0x000000070d800000, 0x000000070d800000| Untracked 
|  69|0x000000070d900000, 0x000000070d900000, 0x000000070da00000|  0%| F|  |TAMS 0x000000070d900000, 0x000000070d900000| Untracked 
|  70|0x000000070da00000, 0x000000070da00000, 0x000000070db00000|  0%| F|  |TAMS 0x000000070da00000, 0x000000070da00000| Untracked 
|  71|0x000000070db00000, 0x000000070db00000, 0x000000070dc00000|  0%| F|  |TAMS 0x000000070db00000, 0x000000070db00000| Untracked 
|  72|0x000000070dc00000, 0x000000070dc00000, 0x000000070dd00000|  0%| F|  |TAMS 0x000000070dc00000, 0x000000070dc00000| Untracked 
|  73|0x000000070dd00000, 0x000000070dd00000, 0x000000070de00000|  0%| F|  |TAMS 0x000000070dd00000, 0x000000070dd00000| Untracked 
|  74|0x000000070de00000, 0x000000070de00000, 0x000000070df00000|  0%| F|  |TAMS 0x000000070de00000, 0x000000070de00000| Untracked 
|  75|0x000000070df00000, 0x000000070df00000, 0x000000070e000000|  0%| F|  |TAMS 0x000000070df00000, 0x000000070df00000| Untracked 
|  76|0x000000070e000000, 0x000000070e000000, 0x000000070e100000|  0%| F|  |TAMS 0x000000070e000000, 0x000000070e000000| Untracked 
|  77|0x000000070e100000, 0x000000070e100000, 0x000000070e200000|  0%| F|  |TAMS 0x000000070e100000, 0x000000070e100000| Untracked 
|  78|0x000000070e200000, 0x000000070e200000, 0x000000070e300000|  0%| F|  |TAMS 0x000000070e200000, 0x000000070e200000| Untracked 
|  79|0x000000070e300000, 0x000000070e300000, 0x000000070e400000|  0%| F|  |TAMS 0x000000070e300000, 0x000000070e300000| Untracked 
|  80|0x000000070e400000, 0x000000070e400000, 0x000000070e500000|  0%| F|  |TAMS 0x000000070e400000, 0x000000070e400000| Untracked 
|  81|0x000000070e500000, 0x000000070e500000, 0x000000070e600000|  0%| F|  |TAMS 0x000000070e500000, 0x000000070e500000| Untracked 
|  82|0x000000070e600000, 0x000000070e600000, 0x000000070e700000|  0%| F|  |TAMS 0x000000070e600000, 0x000000070e600000| Untracked 
|  83|0x000000070e700000, 0x000000070e700000, 0x000000070e800000|  0%| F|  |TAMS 0x000000070e700000, 0x000000070e700000| Untracked 
|  84|0x000000070e800000, 0x000000070e800000, 0x000000070e900000|  0%| F|  |TAMS 0x000000070e800000, 0x000000070e800000| Untracked 
|  85|0x000000070e900000, 0x000000070e900000, 0x000000070ea00000|  0%| F|  |TAMS 0x000000070e900000, 0x000000070e900000| Untracked 
|  86|0x000000070ea00000, 0x000000070ea00000, 0x000000070eb00000|  0%| F|  |TAMS 0x000000070ea00000, 0x000000070ea00000| Untracked 
|  87|0x000000070eb00000, 0x000000070eb00000, 0x000000070ec00000|  0%| F|  |TAMS 0x000000070eb00000, 0x000000070eb00000| Untracked 
|  88|0x000000070ec00000, 0x000000070ec00000, 0x000000070ed00000|  0%| F|  |TAMS 0x000000070ec00000, 0x000000070ec00000| Untracked 
|  89|0x000000070ed00000, 0x000000070ed00000, 0x000000070ee00000|  0%| F|  |TAMS 0x000000070ed00000, 0x000000070ed00000| Untracked 
|  90|0x000000070ee00000, 0x000000070ee00000, 0x000000070ef00000|  0%| F|  |TAMS 0x000000070ee00000, 0x000000070ee00000| Untracked 
|  91|0x000000070ef00000, 0x000000070ef00000, 0x000000070f000000|  0%| F|  |TAMS 0x000000070ef00000, 0x000000070ef00000| Untracked 
|  92|0x000000070f000000, 0x000000070f000000, 0x000000070f100000|  0%| F|  |TAMS 0x000000070f000000, 0x000000070f000000| Untracked 
|  93|0x000000070f100000, 0x000000070f100000, 0x000000070f200000|  0%| F|  |TAMS 0x000000070f100000, 0x000000070f100000| Untracked 
|  94|0x000000070f200000, 0x000000070f200000, 0x000000070f300000|  0%| F|  |TAMS 0x000000070f200000, 0x000000070f200000| Untracked 
|  95|0x000000070f300000, 0x000000070f300000, 0x000000070f400000|  0%| F|  |TAMS 0x000000070f300000, 0x000000070f300000| Untracked 
|  96|0x000000070f400000, 0x000000070f400000, 0x000000070f500000|  0%| F|  |TAMS 0x000000070f400000, 0x000000070f400000| Untracked 
|  97|0x000000070f500000, 0x000000070f500000, 0x000000070f600000|  0%| F|  |TAMS 0x000000070f500000, 0x000000070f500000| Untracked 
|  98|0x000000070f600000, 0x000000070f600000, 0x000000070f700000|  0%| F|  |TAMS 0x000000070f600000, 0x000000070f600000| Untracked 
|  99|0x000000070f700000, 0x000000070f700000, 0x000000070f800000|  0%| F|  |TAMS 0x000000070f700000, 0x000000070f700000| Untracked 
| 100|0x000000070f800000, 0x000000070f800000, 0x000000070f900000|  0%| F|  |TAMS 0x000000070f800000, 0x000000070f800000| Untracked 
| 101|0x000000070f900000, 0x000000070f900000, 0x000000070fa00000|  0%| F|  |TAMS 0x000000070f900000, 0x000000070f900000| Untracked 
| 102|0x000000070fa00000, 0x000000070faedea8, 0x000000070fb00000| 92%| S|CS|TAMS 0x000000070fa00000, 0x000000070fa00000| Complete 
| 103|0x000000070fb00000, 0x000000070fc00000, 0x000000070fc00000|100%| S|CS|TAMS 0x000000070fb00000, 0x000000070fb00000| Complete 
| 104|0x000000070fc00000, 0x000000070fd00000, 0x000000070fd00000|100%| S|CS|TAMS 0x000000070fc00000, 0x000000070fc00000| Complete 
| 105|0x000000070fd00000, 0x000000070fe00000, 0x000000070fe00000|100%| S|CS|TAMS 0x000000070fd00000, 0x000000070fd00000| Complete 
| 106|0x000000070fe00000, 0x000000070ff00000, 0x000000070ff00000|100%| S|CS|TAMS 0x000000070fe00000, 0x000000070fe00000| Complete 
| 107|0x000000070ff00000, 0x0000000710000000, 0x0000000710000000|100%| S|CS|TAMS 0x000000070ff00000, 0x000000070ff00000| Complete 
| 108|0x0000000710000000, 0x0000000710100000, 0x0000000710100000|100%| S|CS|TAMS 0x0000000710000000, 0x0000000710000000| Complete 
| 109|0x0000000710100000, 0x0000000710200000, 0x0000000710200000|100%| S|CS|TAMS 0x0000000710100000, 0x0000000710100000| Complete 
| 110|0x0000000710200000, 0x0000000710300000, 0x0000000710300000|100%| S|CS|TAMS 0x0000000710200000, 0x0000000710200000| Complete 
| 111|0x0000000710300000, 0x0000000710400000, 0x0000000710400000|100%| S|CS|TAMS 0x0000000710300000, 0x0000000710300000| Complete 
| 112|0x0000000710400000, 0x0000000710500000, 0x0000000710500000|100%| S|CS|TAMS 0x0000000710400000, 0x0000000710400000| Complete 
| 113|0x0000000710500000, 0x0000000710600000, 0x0000000710600000|100%| S|CS|TAMS 0x0000000710500000, 0x0000000710500000| Complete 
| 114|0x0000000710600000, 0x0000000710700000, 0x0000000710700000|100%| S|CS|TAMS 0x0000000710600000, 0x0000000710600000| Complete 
| 115|0x0000000710700000, 0x0000000710800000, 0x0000000710800000|100%| S|CS|TAMS 0x0000000710700000, 0x0000000710700000| Complete 
| 116|0x0000000710800000, 0x0000000710900000, 0x0000000710900000|100%| S|CS|TAMS 0x0000000710800000, 0x0000000710800000| Complete 
| 117|0x0000000710900000, 0x0000000710a00000, 0x0000000710a00000|100%| S|CS|TAMS 0x0000000710900000, 0x0000000710900000| Complete 
| 118|0x0000000710a00000, 0x0000000710b00000, 0x0000000710b00000|100%| S|CS|TAMS 0x0000000710a00000, 0x0000000710a00000| Complete 
| 119|0x0000000710b00000, 0x0000000710c00000, 0x0000000710c00000|100%| S|CS|TAMS 0x0000000710b00000, 0x0000000710b00000| Complete 
| 120|0x0000000710c00000, 0x0000000710c00000, 0x0000000710d00000|  0%| F|  |TAMS 0x0000000710c00000, 0x0000000710c00000| Untracked 
| 121|0x0000000710d00000, 0x0000000710d00000, 0x0000000710e00000|  0%| F|  |TAMS 0x0000000710d00000, 0x0000000710d00000| Untracked 
| 122|0x0000000710e00000, 0x0000000710e00000, 0x0000000710f00000|  0%| F|  |TAMS 0x0000000710e00000, 0x0000000710e00000| Untracked 
| 123|0x0000000710f00000, 0x0000000710f00000, 0x0000000711000000|  0%| F|  |TAMS 0x0000000710f00000, 0x0000000710f00000| Untracked 
| 124|0x0000000711000000, 0x0000000711000000, 0x0000000711100000|  0%| F|  |TAMS 0x0000000711000000, 0x0000000711000000| Untracked 
| 125|0x0000000711100000, 0x0000000711100000, 0x0000000711200000|  0%| F|  |TAMS 0x0000000711100000, 0x0000000711100000| Untracked 
| 126|0x0000000711200000, 0x0000000711200000, 0x0000000711300000|  0%| F|  |TAMS 0x0000000711200000, 0x0000000711200000| Untracked 
| 127|0x0000000711300000, 0x0000000711300000, 0x0000000711400000|  0%| F|  |TAMS 0x0000000711300000, 0x0000000711300000| Untracked 
| 128|0x0000000711400000, 0x0000000711400000, 0x0000000711500000|  0%| F|  |TAMS 0x0000000711400000, 0x0000000711400000| Untracked 
| 129|0x0000000711500000, 0x0000000711500000, 0x0000000711600000|  0%| F|  |TAMS 0x0000000711500000, 0x0000000711500000| Untracked 
| 130|0x0000000711600000, 0x0000000711600000, 0x0000000711700000|  0%| F|  |TAMS 0x0000000711600000, 0x0000000711600000| Untracked 
| 131|0x0000000711700000, 0x0000000711700000, 0x0000000711800000|  0%| F|  |TAMS 0x0000000711700000, 0x0000000711700000| Untracked 
| 132|0x0000000711800000, 0x0000000711800000, 0x0000000711900000|  0%| F|  |TAMS 0x0000000711800000, 0x0000000711800000| Untracked 
| 133|0x0000000711900000, 0x0000000711900000, 0x0000000711a00000|  0%| F|  |TAMS 0x0000000711900000, 0x0000000711900000| Untracked 
| 134|0x0000000711a00000, 0x0000000711a00000, 0x0000000711b00000|  0%| F|  |TAMS 0x0000000711a00000, 0x0000000711a00000| Untracked 
| 135|0x0000000711b00000, 0x0000000711b00000, 0x0000000711c00000|  0%| F|  |TAMS 0x0000000711b00000, 0x0000000711b00000| Untracked 
| 136|0x0000000711c00000, 0x0000000711c00000, 0x0000000711d00000|  0%| F|  |TAMS 0x0000000711c00000, 0x0000000711c00000| Untracked 
| 137|0x0000000711d00000, 0x0000000711d00000, 0x0000000711e00000|  0%| F|  |TAMS 0x0000000711d00000, 0x0000000711d00000| Untracked 
| 138|0x0000000711e00000, 0x0000000711e00000, 0x0000000711f00000|  0%| F|  |TAMS 0x0000000711e00000, 0x0000000711e00000| Untracked 
| 139|0x0000000711f00000, 0x0000000711f00000, 0x0000000712000000|  0%| F|  |TAMS 0x0000000711f00000, 0x0000000711f00000| Untracked 
| 140|0x0000000712000000, 0x0000000712000000, 0x0000000712100000|  0%| F|  |TAMS 0x0000000712000000, 0x0000000712000000| Untracked 
| 141|0x0000000712100000, 0x0000000712100000, 0x0000000712200000|  0%| F|  |TAMS 0x0000000712100000, 0x0000000712100000| Untracked 
| 142|0x0000000712200000, 0x0000000712200000, 0x0000000712300000|  0%| F|  |TAMS 0x0000000712200000, 0x0000000712200000| Untracked 
| 143|0x0000000712300000, 0x0000000712300000, 0x0000000712400000|  0%| F|  |TAMS 0x0000000712300000, 0x0000000712300000| Untracked 
| 144|0x0000000712400000, 0x0000000712400000, 0x0000000712500000|  0%| F|  |TAMS 0x0000000712400000, 0x0000000712400000| Untracked 
| 145|0x0000000712500000, 0x0000000712500000, 0x0000000712600000|  0%| F|  |TAMS 0x0000000712500000, 0x0000000712500000| Untracked 
| 146|0x0000000712600000, 0x0000000712600000, 0x0000000712700000|  0%| F|  |TAMS 0x0000000712600000, 0x0000000712600000| Untracked 
| 147|0x0000000712700000, 0x0000000712700000, 0x0000000712800000|  0%| F|  |TAMS 0x0000000712700000, 0x0000000712700000| Untracked 
| 148|0x0000000712800000, 0x0000000712800000, 0x0000000712900000|  0%| F|  |TAMS 0x0000000712800000, 0x0000000712800000| Untracked 
| 149|0x0000000712900000, 0x0000000712900000, 0x0000000712a00000|  0%| F|  |TAMS 0x0000000712900000, 0x0000000712900000| Untracked 
| 150|0x0000000712a00000, 0x0000000712a00000, 0x0000000712b00000|  0%| F|  |TAMS 0x0000000712a00000, 0x0000000712a00000| Untracked 
| 151|0x0000000712b00000, 0x0000000712b00000, 0x0000000712c00000|  0%| F|  |TAMS 0x0000000712b00000, 0x0000000712b00000| Untracked 
| 152|0x0000000712c00000, 0x0000000712c00000, 0x0000000712d00000|  0%| F|  |TAMS 0x0000000712c00000, 0x0000000712c00000| Untracked 
| 153|0x0000000712d00000, 0x0000000712d00000, 0x0000000712e00000|  0%| F|  |TAMS 0x0000000712d00000, 0x0000000712d00000| Untracked 
| 154|0x0000000712e00000, 0x0000000712e00000, 0x0000000712f00000|  0%| F|  |TAMS 0x0000000712e00000, 0x0000000712e00000| Untracked 
| 155|0x0000000712f00000, 0x0000000712f00000, 0x0000000713000000|  0%| F|  |TAMS 0x0000000712f00000, 0x0000000712f00000| Untracked 
| 156|0x0000000713000000, 0x0000000713000000, 0x0000000713100000|  0%| F|  |TAMS 0x0000000713000000, 0x0000000713000000| Untracked 
| 157|0x0000000713100000, 0x0000000713100000, 0x0000000713200000|  0%| F|  |TAMS 0x0000000713100000, 0x0000000713100000| Untracked 
| 158|0x0000000713200000, 0x0000000713200000, 0x0000000713300000|  0%| F|  |TAMS 0x0000000713200000, 0x0000000713200000| Untracked 
| 159|0x0000000713300000, 0x0000000713300000, 0x0000000713400000|  0%| F|  |TAMS 0x0000000713300000, 0x0000000713300000| Untracked 
| 160|0x0000000713400000, 0x0000000713400000, 0x0000000713500000|  0%| F|  |TAMS 0x0000000713400000, 0x0000000713400000| Untracked 
| 161|0x0000000713500000, 0x0000000713500000, 0x0000000713600000|  0%| F|  |TAMS 0x0000000713500000, 0x0000000713500000| Untracked 
| 162|0x0000000713600000, 0x0000000713600000, 0x0000000713700000|  0%| F|  |TAMS 0x0000000713600000, 0x0000000713600000| Untracked 
| 163|0x0000000713700000, 0x0000000713700000, 0x0000000713800000|  0%| F|  |TAMS 0x0000000713700000, 0x0000000713700000| Untracked 
| 164|0x0000000713800000, 0x0000000713800000, 0x0000000713900000|  0%| F|  |TAMS 0x0000000713800000, 0x0000000713800000| Untracked 
| 165|0x0000000713900000, 0x0000000713900000, 0x0000000713a00000|  0%| F|  |TAMS 0x0000000713900000, 0x0000000713900000| Untracked 
| 166|0x0000000713a00000, 0x0000000713a00000, 0x0000000713b00000|  0%| F|  |TAMS 0x0000000713a00000, 0x0000000713a00000| Untracked 
| 167|0x0000000713b00000, 0x0000000713b00000, 0x0000000713c00000|  0%| F|  |TAMS 0x0000000713b00000, 0x0000000713b00000| Untracked 
| 168|0x0000000713c00000, 0x0000000713c00000, 0x0000000713d00000|  0%| F|  |TAMS 0x0000000713c00000, 0x0000000713c00000| Untracked 
| 169|0x0000000713d00000, 0x0000000713d00000, 0x0000000713e00000|  0%| F|  |TAMS 0x0000000713d00000, 0x0000000713d00000| Untracked 
| 170|0x0000000713e00000, 0x0000000713e00000, 0x0000000713f00000|  0%| F|  |TAMS 0x0000000713e00000, 0x0000000713e00000| Untracked 
| 171|0x0000000713f00000, 0x0000000713f00000, 0x0000000714000000|  0%| F|  |TAMS 0x0000000713f00000, 0x0000000713f00000| Untracked 
| 172|0x0000000714000000, 0x0000000714000000, 0x0000000714100000|  0%| F|  |TAMS 0x0000000714000000, 0x0000000714000000| Untracked 
| 173|0x0000000714100000, 0x0000000714100000, 0x0000000714200000|  0%| F|  |TAMS 0x0000000714100000, 0x0000000714100000| Untracked 
| 174|0x0000000714200000, 0x0000000714200000, 0x0000000714300000|  0%| F|  |TAMS 0x0000000714200000, 0x0000000714200000| Untracked 
| 175|0x0000000714300000, 0x0000000714300000, 0x0000000714400000|  0%| F|  |TAMS 0x0000000714300000, 0x0000000714300000| Untracked 
| 176|0x0000000714400000, 0x0000000714400000, 0x0000000714500000|  0%| F|  |TAMS 0x0000000714400000, 0x0000000714400000| Untracked 
| 177|0x0000000714500000, 0x0000000714500000, 0x0000000714600000|  0%| F|  |TAMS 0x0000000714500000, 0x0000000714500000| Untracked 
| 178|0x0000000714600000, 0x0000000714600000, 0x0000000714700000|  0%| F|  |TAMS 0x0000000714600000, 0x0000000714600000| Untracked 
| 179|0x0000000714700000, 0x0000000714700000, 0x0000000714800000|  0%| F|  |TAMS 0x0000000714700000, 0x0000000714700000| Untracked 
| 180|0x0000000714800000, 0x0000000714800000, 0x0000000714900000|  0%| F|  |TAMS 0x0000000714800000, 0x0000000714800000| Untracked 
| 181|0x0000000714900000, 0x0000000714900000, 0x0000000714a00000|  0%| F|  |TAMS 0x0000000714900000, 0x0000000714900000| Untracked 
| 182|0x0000000714a00000, 0x0000000714a00000, 0x0000000714b00000|  0%| F|  |TAMS 0x0000000714a00000, 0x0000000714a00000| Untracked 
| 183|0x0000000714b00000, 0x0000000714b00000, 0x0000000714c00000|  0%| F|  |TAMS 0x0000000714b00000, 0x0000000714b00000| Untracked 
| 184|0x0000000714c00000, 0x0000000714c00000, 0x0000000714d00000|  0%| F|  |TAMS 0x0000000714c00000, 0x0000000714c00000| Untracked 
| 185|0x0000000714d00000, 0x0000000714d00000, 0x0000000714e00000|  0%| F|  |TAMS 0x0000000714d00000, 0x0000000714d00000| Untracked 
| 186|0x0000000714e00000, 0x0000000714e00000, 0x0000000714f00000|  0%| F|  |TAMS 0x0000000714e00000, 0x0000000714e00000| Untracked 
| 187|0x0000000714f00000, 0x0000000714f00000, 0x0000000715000000|  0%| F|  |TAMS 0x0000000714f00000, 0x0000000714f00000| Untracked 
| 188|0x0000000715000000, 0x0000000715000000, 0x0000000715100000|  0%| F|  |TAMS 0x0000000715000000, 0x0000000715000000| Untracked 
| 189|0x0000000715100000, 0x0000000715100000, 0x0000000715200000|  0%| F|  |TAMS 0x0000000715100000, 0x0000000715100000| Untracked 
| 190|0x0000000715200000, 0x000000071525b868, 0x0000000715300000| 35%| E|  |TAMS 0x0000000715200000, 0x0000000715200000| Complete 
| 191|0x0000000715300000, 0x0000000715400000, 0x0000000715400000|100%| E|CS|TAMS 0x0000000715300000, 0x0000000715300000| Complete 
| 192|0x0000000715400000, 0x0000000715500000, 0x0000000715500000|100%| E|CS|TAMS 0x0000000715400000, 0x0000000715400000| Complete 
| 193|0x0000000715500000, 0x0000000715600000, 0x0000000715600000|100%| E|CS|TAMS 0x0000000715500000, 0x0000000715500000| Complete 
| 194|0x0000000715600000, 0x0000000715700000, 0x0000000715700000|100%| E|CS|TAMS 0x0000000715600000, 0x0000000715600000| Complete 
| 195|0x0000000715700000, 0x0000000715800000, 0x0000000715800000|100%| E|CS|TAMS 0x0000000715700000, 0x0000000715700000| Complete 
| 196|0x0000000715800000, 0x0000000715900000, 0x0000000715900000|100%| E|CS|TAMS 0x0000000715800000, 0x0000000715800000| Complete 
| 197|0x0000000715900000, 0x0000000715a00000, 0x0000000715a00000|100%| E|CS|TAMS 0x0000000715900000, 0x0000000715900000| Complete 
| 198|0x0000000715a00000, 0x0000000715b00000, 0x0000000715b00000|100%| E|CS|TAMS 0x0000000715a00000, 0x0000000715a00000| Complete 
| 199|0x0000000715b00000, 0x0000000715c00000, 0x0000000715c00000|100%| E|CS|TAMS 0x0000000715b00000, 0x0000000715b00000| Complete 
| 200|0x0000000715c00000, 0x0000000715d00000, 0x0000000715d00000|100%| E|CS|TAMS 0x0000000715c00000, 0x0000000715c00000| Complete 
| 201|0x0000000715d00000, 0x0000000715e00000, 0x0000000715e00000|100%| E|CS|TAMS 0x0000000715d00000, 0x0000000715d00000| Complete 
| 202|0x0000000715e00000, 0x0000000715f00000, 0x0000000715f00000|100%| E|CS|TAMS 0x0000000715e00000, 0x0000000715e00000| Complete 
| 203|0x0000000715f00000, 0x0000000716000000, 0x0000000716000000|100%| E|CS|TAMS 0x0000000715f00000, 0x0000000715f00000| Complete 
| 204|0x0000000716000000, 0x0000000716100000, 0x0000000716100000|100%| E|CS|TAMS 0x0000000716000000, 0x0000000716000000| Complete 
| 205|0x0000000716100000, 0x0000000716200000, 0x0000000716200000|100%| E|CS|TAMS 0x0000000716100000, 0x0000000716100000| Complete 
| 206|0x0000000716200000, 0x0000000716300000, 0x0000000716300000|100%| E|CS|TAMS 0x0000000716200000, 0x0000000716200000| Complete 
| 207|0x0000000716300000, 0x0000000716400000, 0x0000000716400000|100%| E|CS|TAMS 0x0000000716300000, 0x0000000716300000| Complete 
| 208|0x0000000716400000, 0x0000000716500000, 0x0000000716500000|100%| E|CS|TAMS 0x0000000716400000, 0x0000000716400000| Complete 
| 209|0x0000000716500000, 0x0000000716600000, 0x0000000716600000|100%| E|CS|TAMS 0x0000000716500000, 0x0000000716500000| Complete 
| 210|0x0000000716600000, 0x0000000716700000, 0x0000000716700000|100%| E|CS|TAMS 0x0000000716600000, 0x0000000716600000| Complete 
| 211|0x0000000716700000, 0x0000000716800000, 0x0000000716800000|100%| E|CS|TAMS 0x0000000716700000, 0x0000000716700000| Complete 
| 212|0x0000000716800000, 0x0000000716900000, 0x0000000716900000|100%| E|CS|TAMS 0x0000000716800000, 0x0000000716800000| Complete 
| 213|0x0000000716900000, 0x0000000716a00000, 0x0000000716a00000|100%| E|CS|TAMS 0x0000000716900000, 0x0000000716900000| Complete 
| 214|0x0000000716a00000, 0x0000000716b00000, 0x0000000716b00000|100%| E|CS|TAMS 0x0000000716a00000, 0x0000000716a00000| Complete 
| 215|0x0000000716b00000, 0x0000000716c00000, 0x0000000716c00000|100%| E|CS|TAMS 0x0000000716b00000, 0x0000000716b00000| Complete 
| 216|0x0000000716c00000, 0x0000000716d00000, 0x0000000716d00000|100%| E|CS|TAMS 0x0000000716c00000, 0x0000000716c00000| Complete 
| 217|0x0000000716d00000, 0x0000000716e00000, 0x0000000716e00000|100%| E|CS|TAMS 0x0000000716d00000, 0x0000000716d00000| Complete 
| 218|0x0000000716e00000, 0x0000000716f00000, 0x0000000716f00000|100%| E|CS|TAMS 0x0000000716e00000, 0x0000000716e00000| Complete 
| 219|0x0000000716f00000, 0x0000000717000000, 0x0000000717000000|100%| E|CS|TAMS 0x0000000716f00000, 0x0000000716f00000| Complete 
| 220|0x0000000717000000, 0x0000000717100000, 0x0000000717100000|100%| E|CS|TAMS 0x0000000717000000, 0x0000000717000000| Complete 
| 221|0x0000000717100000, 0x0000000717200000, 0x0000000717200000|100%| E|CS|TAMS 0x0000000717100000, 0x0000000717100000| Complete 
| 222|0x0000000717200000, 0x0000000717300000, 0x0000000717300000|100%| E|CS|TAMS 0x0000000717200000, 0x0000000717200000| Complete 
| 223|0x0000000717300000, 0x0000000717400000, 0x0000000717400000|100%| E|CS|TAMS 0x0000000717300000, 0x0000000717300000| Complete 
| 224|0x0000000717400000, 0x0000000717500000, 0x0000000717500000|100%| E|CS|TAMS 0x0000000717400000, 0x0000000717400000| Complete 
| 225|0x0000000717500000, 0x0000000717600000, 0x0000000717600000|100%| E|CS|TAMS 0x0000000717500000, 0x0000000717500000| Complete 
| 226|0x0000000717600000, 0x0000000717700000, 0x0000000717700000|100%| E|CS|TAMS 0x0000000717600000, 0x0000000717600000| Complete 
| 227|0x0000000717700000, 0x0000000717800000, 0x0000000717800000|100%| E|CS|TAMS 0x0000000717700000, 0x0000000717700000| Complete 
| 228|0x0000000717800000, 0x0000000717900000, 0x0000000717900000|100%| E|CS|TAMS 0x0000000717800000, 0x0000000717800000| Complete 
| 229|0x0000000717900000, 0x0000000717a00000, 0x0000000717a00000|100%| E|CS|TAMS 0x0000000717900000, 0x0000000717900000| Complete 
| 230|0x0000000717a00000, 0x0000000717b00000, 0x0000000717b00000|100%| E|CS|TAMS 0x0000000717a00000, 0x0000000717a00000| Complete 
| 231|0x0000000717b00000, 0x0000000717c00000, 0x0000000717c00000|100%| E|CS|TAMS 0x0000000717b00000, 0x0000000717b00000| Complete 
| 232|0x0000000717c00000, 0x0000000717d00000, 0x0000000717d00000|100%| E|CS|TAMS 0x0000000717c00000, 0x0000000717c00000| Complete 
| 233|0x0000000717d00000, 0x0000000717e00000, 0x0000000717e00000|100%| E|CS|TAMS 0x0000000717d00000, 0x0000000717d00000| Complete 
| 234|0x0000000717e00000, 0x0000000717f00000, 0x0000000717f00000|100%| E|CS|TAMS 0x0000000717e00000, 0x0000000717e00000| Complete 
| 235|0x0000000717f00000, 0x0000000718000000, 0x0000000718000000|100%| E|CS|TAMS 0x0000000717f00000, 0x0000000717f00000| Complete 
| 236|0x0000000718000000, 0x0000000718100000, 0x0000000718100000|100%| E|CS|TAMS 0x0000000718000000, 0x0000000718000000| Complete 
| 237|0x0000000718100000, 0x0000000718200000, 0x0000000718200000|100%| E|CS|TAMS 0x0000000718100000, 0x0000000718100000| Complete 
| 238|0x0000000718200000, 0x0000000718300000, 0x0000000718300000|100%| E|CS|TAMS 0x0000000718200000, 0x0000000718200000| Complete 
| 239|0x0000000718300000, 0x0000000718400000, 0x0000000718400000|100%| E|CS|TAMS 0x0000000718300000, 0x0000000718300000| Complete 
| 240|0x0000000718400000, 0x0000000718500000, 0x0000000718500000|100%| E|CS|TAMS 0x0000000718400000, 0x0000000718400000| Complete 
| 241|0x0000000718500000, 0x0000000718600000, 0x0000000718600000|100%| E|CS|TAMS 0x0000000718500000, 0x0000000718500000| Complete 
| 242|0x0000000718600000, 0x0000000718700000, 0x0000000718700000|100%| E|CS|TAMS 0x0000000718600000, 0x0000000718600000| Complete 
| 243|0x0000000718700000, 0x0000000718800000, 0x0000000718800000|100%| E|CS|TAMS 0x0000000718700000, 0x0000000718700000| Complete 
| 244|0x0000000718800000, 0x0000000718900000, 0x0000000718900000|100%| E|CS|TAMS 0x0000000718800000, 0x0000000718800000| Complete 
| 245|0x0000000718900000, 0x0000000718a00000, 0x0000000718a00000|100%| E|CS|TAMS 0x0000000718900000, 0x0000000718900000| Complete 
| 246|0x0000000718a00000, 0x0000000718b00000, 0x0000000718b00000|100%| E|CS|TAMS 0x0000000718a00000, 0x0000000718a00000| Complete 
| 247|0x0000000718b00000, 0x0000000718c00000, 0x0000000718c00000|100%| E|CS|TAMS 0x0000000718b00000, 0x0000000718b00000| Complete 
| 248|0x0000000718c00000, 0x0000000718d00000, 0x0000000718d00000|100%| E|CS|TAMS 0x0000000718c00000, 0x0000000718c00000| Complete 
| 249|0x0000000718d00000, 0x0000000718e00000, 0x0000000718e00000|100%| E|CS|TAMS 0x0000000718d00000, 0x0000000718d00000| Complete 
| 250|0x0000000718e00000, 0x0000000718f00000, 0x0000000718f00000|100%| E|CS|TAMS 0x0000000718e00000, 0x0000000718e00000| Complete 
| 251|0x0000000718f00000, 0x0000000719000000, 0x0000000719000000|100%| E|CS|TAMS 0x0000000718f00000, 0x0000000718f00000| Complete 
| 252|0x0000000719000000, 0x0000000719100000, 0x0000000719100000|100%| E|CS|TAMS 0x0000000719000000, 0x0000000719000000| Complete 
| 253|0x0000000719100000, 0x0000000719200000, 0x0000000719200000|100%| E|CS|TAMS 0x0000000719100000, 0x0000000719100000| Complete 
| 254|0x0000000719200000, 0x0000000719300000, 0x0000000719300000|100%| E|CS|TAMS 0x0000000719200000, 0x0000000719200000| Complete 
| 255|0x0000000719300000, 0x0000000719400000, 0x0000000719400000|100%| E|CS|TAMS 0x0000000719300000, 0x0000000719300000| Complete 
| 256|0x0000000719400000, 0x0000000719500000, 0x0000000719500000|100%| E|CS|TAMS 0x0000000719400000, 0x0000000719400000| Complete 
| 257|0x0000000719500000, 0x0000000719600000, 0x0000000719600000|100%| E|CS|TAMS 0x0000000719500000, 0x0000000719500000| Complete 
| 258|0x0000000719600000, 0x0000000719700000, 0x0000000719700000|100%| E|CS|TAMS 0x0000000719600000, 0x0000000719600000| Complete 
| 259|0x0000000719700000, 0x0000000719800000, 0x0000000719800000|100%| E|CS|TAMS 0x0000000719700000, 0x0000000719700000| Complete 
| 260|0x0000000719800000, 0x0000000719900000, 0x0000000719900000|100%| E|CS|TAMS 0x0000000719800000, 0x0000000719800000| Complete 
| 261|0x0000000719900000, 0x0000000719a00000, 0x0000000719a00000|100%| E|CS|TAMS 0x0000000719900000, 0x0000000719900000| Complete 
| 262|0x0000000719a00000, 0x0000000719b00000, 0x0000000719b00000|100%| E|CS|TAMS 0x0000000719a00000, 0x0000000719a00000| Complete 
| 263|0x0000000719b00000, 0x0000000719c00000, 0x0000000719c00000|100%| E|CS|TAMS 0x0000000719b00000, 0x0000000719b00000| Complete 
| 264|0x0000000719c00000, 0x0000000719d00000, 0x0000000719d00000|100%| E|CS|TAMS 0x0000000719c00000, 0x0000000719c00000| Complete 
| 265|0x0000000719d00000, 0x0000000719e00000, 0x0000000719e00000|100%| E|CS|TAMS 0x0000000719d00000, 0x0000000719d00000| Complete 
| 266|0x0000000719e00000, 0x0000000719f00000, 0x0000000719f00000|100%| E|CS|TAMS 0x0000000719e00000, 0x0000000719e00000| Complete 
| 267|0x0000000719f00000, 0x000000071a000000, 0x000000071a000000|100%| E|CS|TAMS 0x0000000719f00000, 0x0000000719f00000| Complete 
| 268|0x000000071a000000, 0x000000071a100000, 0x000000071a100000|100%| E|CS|TAMS 0x000000071a000000, 0x000000071a000000| Complete 
| 269|0x000000071a100000, 0x000000071a200000, 0x000000071a200000|100%| E|CS|TAMS 0x000000071a100000, 0x000000071a100000| Complete 
| 270|0x000000071a200000, 0x000000071a300000, 0x000000071a300000|100%| E|CS|TAMS 0x000000071a200000, 0x000000071a200000| Complete 
| 271|0x000000071a300000, 0x000000071a400000, 0x000000071a400000|100%| E|CS|TAMS 0x000000071a300000, 0x000000071a300000| Complete 
| 272|0x000000071a400000, 0x000000071a500000, 0x000000071a500000|100%| E|CS|TAMS 0x000000071a400000, 0x000000071a400000| Complete 
| 273|0x000000071a500000, 0x000000071a600000, 0x000000071a600000|100%| E|CS|TAMS 0x000000071a500000, 0x000000071a500000| Complete 
| 274|0x000000071a600000, 0x000000071a700000, 0x000000071a700000|100%| E|CS|TAMS 0x000000071a600000, 0x000000071a600000| Complete 
| 275|0x000000071a700000, 0x000000071a800000, 0x000000071a800000|100%| E|CS|TAMS 0x000000071a700000, 0x000000071a700000| Complete 
| 276|0x000000071a800000, 0x000000071a900000, 0x000000071a900000|100%| E|CS|TAMS 0x000000071a800000, 0x000000071a800000| Complete 
| 277|0x000000071a900000, 0x000000071aa00000, 0x000000071aa00000|100%| E|CS|TAMS 0x000000071a900000, 0x000000071a900000| Complete 
| 278|0x000000071aa00000, 0x000000071ab00000, 0x000000071ab00000|100%| E|CS|TAMS 0x000000071aa00000, 0x000000071aa00000| Complete 
| 279|0x000000071ab00000, 0x000000071ac00000, 0x000000071ac00000|100%| E|CS|TAMS 0x000000071ab00000, 0x000000071ab00000| Complete 
| 280|0x000000071ac00000, 0x000000071ad00000, 0x000000071ad00000|100%| E|CS|TAMS 0x000000071ac00000, 0x000000071ac00000| Complete 
| 281|0x000000071ad00000, 0x000000071ae00000, 0x000000071ae00000|100%| E|CS|TAMS 0x000000071ad00000, 0x000000071ad00000| Complete 
| 282|0x000000071ae00000, 0x000000071af00000, 0x000000071af00000|100%| E|CS|TAMS 0x000000071ae00000, 0x000000071ae00000| Complete 
| 283|0x000000071af00000, 0x000000071b000000, 0x000000071b000000|100%| E|CS|TAMS 0x000000071af00000, 0x000000071af00000| Complete 
| 284|0x000000071b000000, 0x000000071b100000, 0x000000071b100000|100%| E|CS|TAMS 0x000000071b000000, 0x000000071b000000| Complete 
| 285|0x000000071b100000, 0x000000071b200000, 0x000000071b200000|100%| E|CS|TAMS 0x000000071b100000, 0x000000071b100000| Complete 
| 286|0x000000071b200000, 0x000000071b300000, 0x000000071b300000|100%| E|CS|TAMS 0x000000071b200000, 0x000000071b200000| Complete 
| 287|0x000000071b300000, 0x000000071b400000, 0x000000071b400000|100%| E|CS|TAMS 0x000000071b300000, 0x000000071b300000| Complete 
| 288|0x000000071b400000, 0x000000071b500000, 0x000000071b500000|100%| E|CS|TAMS 0x000000071b400000, 0x000000071b400000| Complete 
| 289|0x000000071b500000, 0x000000071b600000, 0x000000071b600000|100%| E|CS|TAMS 0x000000071b500000, 0x000000071b500000| Complete 
| 290|0x000000071b600000, 0x000000071b700000, 0x000000071b700000|100%| E|CS|TAMS 0x000000071b600000, 0x000000071b600000| Complete 
| 291|0x000000071b700000, 0x000000071b800000, 0x000000071b800000|100%| E|CS|TAMS 0x000000071b700000, 0x000000071b700000| Complete 
| 292|0x000000071b800000, 0x000000071b900000, 0x000000071b900000|100%| E|CS|TAMS 0x000000071b800000, 0x000000071b800000| Complete 
| 293|0x000000071b900000, 0x000000071ba00000, 0x000000071ba00000|100%| E|CS|TAMS 0x000000071b900000, 0x000000071b900000| Complete 
| 294|0x000000071ba00000, 0x000000071bb00000, 0x000000071bb00000|100%| E|CS|TAMS 0x000000071ba00000, 0x000000071ba00000| Complete 
| 295|0x000000071bb00000, 0x000000071bc00000, 0x000000071bc00000|100%| E|CS|TAMS 0x000000071bb00000, 0x000000071bb00000| Complete 
| 296|0x000000071bc00000, 0x000000071bd00000, 0x000000071bd00000|100%| E|CS|TAMS 0x000000071bc00000, 0x000000071bc00000| Complete 
| 297|0x000000071bd00000, 0x000000071be00000, 0x000000071be00000|100%| E|CS|TAMS 0x000000071bd00000, 0x000000071bd00000| Complete 

Card table byte_map: [0x00000183ba7b0000,0x00000183baf70000] _byte_map_base: 0x00000183b6f66000

Marking Bits (Prev, Next): (CMBitMap*) 0x00000183a2040fa0, (CMBitMap*) 0x00000183a2040f68
 Prev Bits: [0x00000183bf4e0000, 0x00000183c3290000)
 Next Bits: [0x00000183bb730000, 0x00000183bf4e0000)

Polling page: 0x000001839fe40000

Metaspace:

Usage:
  Non-class:     70.57 MB capacity,    69.21 MB ( 98%) used,     1.08 MB (  2%) free+waste,   281.31 KB ( <1%) overhead. 
      Class:     10.60 MB capacity,     9.70 MB ( 91%) used,   793.76 KB (  7%) free+waste,   130.50 KB (  1%) overhead. 
       Both:     81.17 MB capacity,    78.91 MB ( 97%) used,     1.86 MB (  2%) free+waste,   411.81 KB ( <1%) overhead. 

Virtual space:
  Non-class space:       72.00 MB reserved,      70.83 MB ( 98%) committed 
      Class space:        1.00 GB reserved,      10.62 MB (  1%) committed 
             Both:        1.07 GB reserved,      81.45 MB (  7%) committed 

Chunk freelists:
   Non-Class:  13.00 KB
       Class:  21.00 KB
        Both:  34.00 KB

MaxMetaspaceSize: 17179869184.00 GB
CompressedClassSpaceSize: 1.00 GB
Initial GC threshold: 20.80 MB
Current GC threshold: 98.46 MB
CDS: off

CodeHeap 'non-profiled nmethods': size=119168Kb used=7323Kb max_used=7323Kb free=111844Kb
 bounds [0x00000183b2310000, 0x00000183b2a40000, 0x00000183b9770000]
CodeHeap 'profiled nmethods': size=119168Kb used=20900Kb max_used=20900Kb free=98267Kb
 bounds [0x00000183aaeb0000, 0x00000183ac320000, 0x00000183b2310000]
CodeHeap 'non-nmethods': size=7424Kb used=1365Kb max_used=3142Kb free=6058Kb
 bounds [0x00000183aa770000, 0x00000183aaa90000, 0x00000183aaeb0000]
 total_blobs=9688 nmethods=9014 adapters=585
 compilation: enabled
              stopped_count=0, restarted_count=0
 full_count=0

Compilation events (20 events):
Event: 86.371 Thread 0x00000183c6ceb800 9053   !   3       sun.rmi.transport.Transport::serviceCall (349 bytes)
Event: 86.375 Thread 0x00000183c6ceb800 nmethod 9053 0x00000183ac2ff210 code [0x00000183ac2ffa00, 0x00000183ac304768]
Event: 86.375 Thread 0x00000183c6ceb800 9054       3       java.io.ObjectInputStream$PeekInputStream::<init> (20 bytes)
Event: 86.375 Thread 0x00000183c6ceb800 nmethod 9054 0x00000183ac306b10 code [0x00000183ac306cc0, 0x00000183ac306ef8]
Event: 86.375 Thread 0x00000183c6ceb800 9055       3       java.rmi.server.ObjID::read (22 bytes)
Event: 86.375 Thread 0x00000183c6ceb800 nmethod 9055 0x00000183ac307010 code [0x00000183ac307220, 0x00000183ac307978]
Event: 86.375 Thread 0x00000183c6ceb800 9056       3       java.rmi.server.ObjID::<init> (15 bytes)
Event: 86.375 Thread 0x00000183c6ceb800 nmethod 9056 0x00000183ac307c10 code [0x00000183ac307dc0, 0x00000183ac307f78]
Event: 86.375 Thread 0x00000183c6ceb800 9057  s    3       sun.rmi.transport.Target::incrementCallCount (31 bytes)
Event: 86.376 Thread 0x00000183c6ceb800 nmethod 9057 0x00000183ac308010 code [0x00000183ac3081e0, 0x00000183ac3085a8]
Event: 86.376 Thread 0x00000183c6ceb800 9058       3       sun.rmi.transport.Transport$1::<init> (32 bytes)
Event: 86.376 Thread 0x00000183c6ceb800 nmethod 9058 0x00000183ac308690 code [0x00000183ac308860, 0x00000183ac308bb8]
Event: 86.381 Thread 0x00000183c6ceb800 9060 %     3       java.util.Properties$LineReader::readLine @ 293 (635 bytes)
Event: 86.383 Thread 0x00000183c6ceb800 nmethod 9060% 0x00000183ac308c90 code [0x00000183ac309060, 0x00000183ac30bb78]
Event: 86.385 Thread 0x00000183c6ceb800 9062       3       java.util.Calendar::get (10 bytes)
Event: 86.385 Thread 0x00000183c6ceb800 nmethod 9062 0x00000183ac30c810 code [0x00000183ac30c9e0, 0x00000183ac30cc48]
Event: 86.385 Thread 0x00000183c6ceb800 9063       3       java.util.Calendar::isFieldSet (14 bytes)
Event: 86.385 Thread 0x00000183c6ceb800 nmethod 9063 0x00000183ac30cd90 code [0x00000183ac30cf40, 0x00000183ac30d098]
Event: 86.390 Thread 0x00000183c6ceb800 9064       1       org.apache.tomcat.util.http.MimeHeaderField::getName (5 bytes)
Event: 86.390 Thread 0x00000183c6ceb800 nmethod 9064 0x00000183b2a36a90 code [0x00000183b2a36c40, 0x00000183b2a36cf8]

GC Heap History (16 events):
Event: 0.536 GC heap before
{Heap before GC invocations=0 (full 0):
 garbage-first heap   total 253952K, used 25600K [0x0000000709400000, 0x0000000800000000)
  region size 1024K, 24 young (24576K), 0 survivors (0K)
 Metaspace       used 14163K, capacity 14452K, committed 14592K, reserved 1062912K
  class space    used 1351K, capacity 1457K, committed 1536K, reserved 1048576K
}
Event: 0.541 GC heap after
{Heap after GC invocations=1 (full 0):
 garbage-first heap   total 253952K, used 7587K [0x0000000709400000, 0x0000000800000000)
  region size 1024K, 3 young (3072K), 3 survivors (3072K)
 Metaspace       used 14163K, capacity 14452K, committed 14592K, reserved 1062912K
  class space    used 1351K, capacity 1457K, committed 1536K, reserved 1048576K
}
Event: 1.135 GC heap before
{Heap before GC invocations=1 (full 0):
 garbage-first heap   total 253952K, used 37283K [0x0000000709400000, 0x0000000800000000)
  region size 1024K, 33 young (33792K), 3 survivors (3072K)
 Metaspace       used 20629K, capacity 21218K, committed 21296K, reserved 1069056K
  class space    used 2165K, capacity 2426K, committed 2432K, reserved 1048576K
}
Event: 1.141 GC heap after
{Heap after GC invocations=2 (full 0):
 garbage-first heap   total 253952K, used 9571K [0x0000000709400000, 0x0000000800000000)
  region size 1024K, 5 young (5120K), 5 survivors (5120K)
 Metaspace       used 20629K, capacity 21218K, committed 21296K, reserved 1069056K
  class space    used 2165K, capacity 2426K, committed 2432K, reserved 1048576K
}
Event: 1.285 GC heap before
{Heap before GC invocations=3 (full 0):
 garbage-first heap   total 253952K, used 18787K [0x0000000709400000, 0x0000000800000000)
  region size 1024K, 15 young (15360K), 5 survivors (5120K)
 Metaspace       used 22530K, capacity 23213K, committed 23344K, reserved 1071104K
  class space    used 2426K, capacity 2681K, committed 2688K, reserved 1048576K
}
Event: 1.291 GC heap after
{Heap after GC invocations=4 (full 0):
 garbage-first heap   total 253952K, used 10028K [0x0000000709400000, 0x0000000800000000)
  region size 1024K, 1 young (1024K), 1 survivors (1024K)
 Metaspace       used 22530K, capacity 23213K, committed 23344K, reserved 1071104K
  class space    used 2426K, capacity 2681K, committed 2688K, reserved 1048576K
}
Event: 1.734 GC heap before
{Heap before GC invocations=4 (full 0):
 garbage-first heap   total 253952K, used 56108K [0x0000000709400000, 0x0000000800000000)
  region size 1024K, 47 young (48128K), 1 survivors (1024K)
 Metaspace       used 27762K, capacity 28601K, committed 28848K, reserved 1075200K
  class space    used 3196K, capacity 3544K, committed 3584K, reserved 1048576K
}
Event: 1.736 GC heap after
{Heap after GC invocations=5 (full 0):
 garbage-first heap   total 253952K, used 11489K [0x0000000709400000, 0x0000000800000000)
  region size 1024K, 3 young (3072K), 3 survivors (3072K)
 Metaspace       used 27762K, capacity 28601K, committed 28848K, reserved 1075200K
  class space    used 3196K, capacity 3544K, committed 3584K, reserved 1048576K
}
Event: 2.429 GC heap before
{Heap before GC invocations=5 (full 0):
 garbage-first heap   total 253952K, used 81121K [0x0000000709400000, 0x0000000800000000)
  region size 1024K, 72 young (73728K), 3 survivors (3072K)
 Metaspace       used 34913K, capacity 35843K, committed 35888K, reserved 1081344K
  class space    used 4042K, capacity 4444K, committed 4480K, reserved 1048576K
}
Event: 2.436 GC heap after
{Heap after GC invocations=6 (full 0):
 garbage-first heap   total 253952K, used 13947K [0x0000000709400000, 0x0000000800000000)
  region size 1024K, 5 young (5120K), 5 survivors (5120K)
 Metaspace       used 34913K, capacity 35843K, committed 35888K, reserved 1081344K
  class space    used 4042K, capacity 4444K, committed 4480K, reserved 1048576K
}
Event: 5.213 GC heap before
{Heap before GC invocations=7 (full 0):
 garbage-first heap   total 253952K, used 159355K [0x0000000709400000, 0x0000000800000000)
  region size 1024K, 148 young (151552K), 5 survivors (5120K)
 Metaspace       used 58082K, capacity 59669K, committed 59696K, reserved 1101824K
  class space    used 7135K, capacity 7794K, committed 7808K, reserved 1048576K
}
Event: 5.223 GC heap after
{Heap after GC invocations=8 (full 0):
 garbage-first heap   total 305152K, used 22754K [0x0000000709400000, 0x0000000800000000)
  region size 1024K, 14 young (14336K), 14 survivors (14336K)
 Metaspace       used 58082K, capacity 59669K, committed 59696K, reserved 1101824K
  class space    used 7135K, capacity 7794K, committed 7808K, reserved 1048576K
}
Event: 5.294 GC heap before
{Heap before GC invocations=8 (full 0):
 garbage-first heap   total 305152K, used 27874K [0x0000000709400000, 0x0000000800000000)
  region size 1024K, 20 young (20480K), 14 survivors (14336K)
 Metaspace       used 58601K, capacity 60158K, committed 60240K, reserved 1101824K
  class space    used 7205K, capacity 7892K, committed 7936K, reserved 1048576K
}
Event: 5.307 GC heap after
{Heap after GC invocations=9 (full 0):
 garbage-first heap   total 305152K, used 23546K [0x0000000709400000, 0x0000000800000000)
  region size 1024K, 12 young (12288K), 12 survivors (12288K)
 Metaspace       used 58601K, capacity 60158K, committed 60240K, reserved 1101824K
  class space    used 7205K, capacity 7892K, committed 7936K, reserved 1048576K
}
Event: 7.658 GC heap before
{Heap before GC invocations=10 (full 0):
 garbage-first heap   total 305152K, used 193530K [0x0000000709400000, 0x0000000800000000)
  region size 1024K, 178 young (182272K), 12 survivors (12288K)
 Metaspace       used 74291K, capacity 76314K, committed 76368K, reserved 1116160K
  class space    used 9148K, capacity 9967K, committed 9984K, reserved 1048576K
}
Event: 7.669 GC heap after
{Heap after GC invocations=11 (full 0):
 garbage-first heap   total 305152K, used 29622K [0x0000000709400000, 0x0000000800000000)
  region size 1024K, 18 young (18432K), 18 survivors (18432K)
 Metaspace       used 74291K, capacity 76314K, committed 76368K, reserved 1116160K
  class space    used 9148K, capacity 9967K, committed 9984K, reserved 1048576K
}

Deoptimization events (20 events):
Event: 8.806 Thread 0x00000183c841a800 Uncommon trap: trap_request=0xffffff4d fr.pc=0x00000183b295de70 relative=0x0000000000004270
Event: 8.806 Thread 0x00000183c841a800 Uncommon trap: reason=unstable_if action=reinterpret pc=0x00000183b295de70 method=org.springframework.core.annotation.AnnotationsScanner.processClassInheritedAnnotations(Ljava/lang/Object;Ljava/lang/Class;Lorg/springframework/core/annotation/MergedAnnotat
Event: 8.806 Thread 0x00000183c841a800 DEOPT PACKING pc=0x00000183b295de70 sp=0x00000080914fe3b0
Event: 8.806 Thread 0x00000183c841a800 DEOPT UNPACKING pc=0x00000183aa7ba1af sp=0x00000080914fe350 mode 2
Event: 8.812 Thread 0x00000183c841a800 Uncommon trap: trap_request=0xffffff4d fr.pc=0x00000183b291e430 relative=0x0000000000001df0
Event: 8.812 Thread 0x00000183c841a800 Uncommon trap: reason=unstable_if action=reinterpret pc=0x00000183b291e430 method=org.springframework.core.annotation.AnnotationsScanner.processClassHierarchy(Ljava/lang/Object;[ILjava/lang/Class;Lorg/springframework/core/annotation/AnnotationsProcessor;Z
Event: 8.813 Thread 0x00000183c841a800 DEOPT PACKING pc=0x00000183b291e430 sp=0x00000080914fdca0
Event: 8.813 Thread 0x00000183c841a800 DEOPT UNPACKING pc=0x00000183aa7ba1af sp=0x00000080914fdc98 mode 2
Event: 8.863 Thread 0x00000183c841a800 Uncommon trap: trap_request=0xffffff5c fr.pc=0x00000183b23eba8c relative=0x00000000000003ac
Event: 8.863 Thread 0x00000183c841a800 Uncommon trap: reason=speculate_null_assert action=make_not_entrant pc=0x00000183b23eba8c method=org.springframework.util.ConcurrentReferenceHashMap$Segment.restructureIfNecessary(Z)V @ 41 c2
Event: 8.863 Thread 0x00000183c841a800 DEOPT PACKING pc=0x00000183b23eba8c sp=0x00000080914fe4b0
Event: 8.863 Thread 0x00000183c841a800 DEOPT UNPACKING pc=0x00000183aa7ba1af sp=0x00000080914fe468 mode 2
Event: 44.019 Thread 0x00000183d0be1000 Uncommon trap: trap_request=0xffffff4d fr.pc=0x00000183b294f710 relative=0x0000000000000170
Event: 44.019 Thread 0x00000183d0be1000 Uncommon trap: reason=unstable_if action=reinterpret pc=0x00000183b294f710 method=java.util.concurrent.locks.ReentrantLock$Sync.nonfairTryAcquire(I)Z @ 19 c2
Event: 44.019 Thread 0x00000183d0be1000 DEOPT PACKING pc=0x00000183b294f710 sp=0x00000080922ff150
Event: 44.019 Thread 0x00000183d0be1000 DEOPT UNPACKING pc=0x00000183aa7ba1af sp=0x00000080922ff080 mode 2
Event: 74.015 Thread 0x00000183d0be1000 Uncommon trap: trap_request=0xffffff4d fr.pc=0x00000183b294f310 relative=0x0000000000000170
Event: 74.015 Thread 0x00000183d0be1000 Uncommon trap: reason=unstable_if action=reinterpret pc=0x00000183b294f310 method=java.util.concurrent.locks.ReentrantLock$Sync.nonfairTryAcquire(I)Z @ 19 c2
Event: 74.015 Thread 0x00000183d0be1000 DEOPT PACKING pc=0x00000183b294f310 sp=0x00000080922ff150
Event: 74.015 Thread 0x00000183d0be1000 DEOPT UNPACKING pc=0x00000183aa7ba1af sp=0x00000080922ff0e8 mode 2

Classes redefined (0 events):
No events

Internal exceptions (20 events):
Event: 7.959 Thread 0x00000183c841a800 Exception <a 'java/lang/ClassNotFoundException'{0x0000000719e533a0}: org/springframework/beans/factory/AwareCustomizer> (0x0000000719e533a0) thrown at [s\src\hotspot\share\classfile\systemDictionary.cpp, line 230]
Event: 7.959 Thread 0x00000183c841a800 Exception <a 'java/lang/ClassNotFoundException'{0x0000000719e63028}: org/springframework/beans/factory/BeanClassLoaderAwareCustomizer> (0x0000000719e63028) thrown at [s\src\hotspot\share\classfile\systemDictionary.cpp, line 230]
Event: 7.960 Thread 0x00000183c841a800 Exception <a 'java/lang/ClassNotFoundException'{0x0000000719e71b08}: org/springframework/beans/factory/AwareCustomizer> (0x0000000719e71b08) thrown at [s\src\hotspot\share\classfile\systemDictionary.cpp, line 230]
Event: 8.021 Thread 0x00000183c841a800 Implicit null exception at 0x00000183b2435ddd to 0x00000183b2435e96
Event: 8.217 Thread 0x00000183c841a800 Exception <a 'java/lang/ClassNotFoundException'{0x0000000719080c00}: java/lang/ObjectCustomizer> (0x0000000719080c00) thrown at [s\src\hotspot\share\classfile\systemDictionary.cpp, line 230]
Event: 8.218 Thread 0x00000183c841a800 Exception <a 'java/lang/ClassNotFoundException'{0x0000000719098740}: org/springframework/security/config/annotation/web/configuration/HttpSecurityConfigurationCustomizer> (0x0000000719098740) thrown at [s\src\hotspot\share\classfile\systemDictionary.cpp, line 230]
Event: 8.226 Thread 0x00000183c841a800 Exception <a 'java/lang/ClassNotFoundException'{0x00000007190f6a30}: java/lang/ObjectCustomizer> (0x00000007190f6a30) thrown at [s\src\hotspot\share\classfile\systemDictionary.cpp, line 230]
Event: 8.227 Thread 0x00000183c841a800 Exception <a 'java/lang/ClassNotFoundException'{0x0000000718f093f0}: com/example/expressfood/entities/UserCustomizer> (0x0000000718f093f0) thrown at [s\src\hotspot\share\classfile\systemDictionary.cpp, line 230]
Event: 8.228 Thread 0x00000183c841a800 Exception <a 'java/lang/ClassNotFoundException'{0x0000000718f260a0}: com/example/expressfood/entities/AdminCustomizer> (0x0000000718f260a0) thrown at [s\src\hotspot\share\classfile\systemDictionary.cpp, line 230]
Event: 8.266 Thread 0x00000183c841a800 Exception <a 'java/lang/NoSuchMethodError'{0x0000000718a46800}: 'java.lang.Object java.lang.invoke.DirectMethodHandle$Holder.invokeInterface(java.lang.Object, java.lang.Object, java.lang.Object, java.lang.Object)'> (0x0000000718a46800) thrown at [s\src\hotspot\share\interpreter\linkResolver.cpp, line 773]
Event: 8.392 Thread 0x00000183c841a800 Implicit null exception at 0x00000183b28c9394 to 0x00000183b28ce758
Event: 8.394 Thread 0x00000183c841a800 Implicit null exception at 0x00000183b28d7ee4 to 0x00000183b28ddd70
Event: 8.394 Thread 0x00000183c841a800 Implicit null exception at 0x00000183b28658e8 to 0x00000183b286598c
Event: 8.442 Thread 0x00000183c841a800 Exception <a 'java/lang/NoSuchMethodError'{0x000000071807f5b0}: 'void java.lang.invoke.DirectMethodHandle$Holder.invokeVirtual(java.lang.Object, java.lang.Object, int)'> (0x000000071807f5b0) thrown at [s\src\hotspot\share\interpreter\linkResolver.cpp, line 773]
Event: 8.445 Thread 0x00000183c841a800 Exception <a 'java/lang/NoSuchMethodError'{0x00000007180993d8}: 'void java.lang.invoke.DirectMethodHandle$Holder.invokeVirtual(java.lang.Object, java.lang.Object, long)'> (0x00000007180993d8) thrown at [s\src\hotspot\share\interpreter\linkResolver.cpp, line 773]
Event: 8.620 Thread 0x00000183c841a800 Exception <a 'java/lang/IncompatibleClassChangeError'{0x0000000717528b10}: Found class java.lang.Object, but interface was expected> (0x0000000717528b10) thrown at [s\src\hotspot\share\interpreter\linkResolver.cpp, line 839]
Event: 8.821 Thread 0x00000183c841a800 Exception <a 'java/lang/NoSuchMethodError'{0x00000007169012e0}: 'java.lang.Object java.lang.invoke.DirectMethodHandle$Holder.invokeSpecial(java.lang.Object, java.lang.Object, int, java.lang.Object, int, java.lang.Object)'> (0x00000007169012e0) thrown at [s\src\hotspot\share\interpreter\linkResolver.cpp, line 773]
Event: 8.821 Thread 0x00000183c841a800 Exception <a 'java/lang/NoSuchMethodError'{0x0000000716908a70}: 'java.lang.Object java.lang.invoke.DirectMethodHandle$Holder.invokeStatic(java.lang.Object, java.lang.Object, int, java.lang.Object, int)'> (0x0000000716908a70) thrown at [s\src\hotspot\share\interpreter\linkResolver.cpp, line 773]
Event: 8.822 Thread 0x00000183c841a800 Exception <a 'java/lang/NoSuchMethodError'{0x000000071690c250}: 'java.lang.Object java.lang.invoke.DirectMethodHandle$Holder.invokeSpecial(java.lang.Object, java.lang.Object, java.lang.Object, int, java.lang.Object, int)'> (0x000000071690c250) thrown at [s\src\hotspot\share\interpreter\linkResolver.cpp, line 773]
Event: 8.823 Thread 0x00000183c841a800 Exception <a 'java/lang/NoSuchMethodError'{0x00000007169171c8}: 'void java.lang.invoke.DirectMethodHandle$Holder.invokeVirtual(java.lang.Object, java.lang.Object)'> (0x00000007169171c8) thrown at [s\src\hotspot\share\interpreter\linkResolver.cpp, line 773]

Events (20 events):
Event: 86.386 loading class org/apache/catalina/core/ApplicationFilterFactory
Event: 86.386 loading class org/apache/catalina/core/ApplicationFilterFactory done
Event: 86.387 loading class org/apache/catalina/core/ApplicationFilterChain
Event: 86.387 loading class org/apache/catalina/core/ApplicationFilterChain done
Event: 86.388 loading class org/apache/catalina/core/ApplicationDispatcher
Event: 86.388 loading class org/apache/catalina/core/ApplicationDispatcher done
Event: 86.388 loading class org/apache/catalina/AsyncDispatcher
Event: 86.388 loading class org/apache/catalina/AsyncDispatcher done
Event: 86.389 loading class org/apache/catalina/core/ApplicationFilterFactory$1
Event: 86.389 loading class org/apache/catalina/core/ApplicationFilterFactory$1 done
Event: 86.389 loading class org/apache/catalina/connector/ResponseFacade
Event: 86.389 loading class org/apache/catalina/connector/ResponseFacade done
Event: 86.390 loading class org/apache/catalina/util/TLSUtil
Event: 86.390 loading class org/apache/catalina/util/TLSUtil done
Event: 86.391 loading class org/apache/tomcat/util/http/parser/AcceptLanguage
Event: 86.391 loading class org/apache/tomcat/util/http/parser/AcceptLanguage done
Event: 86.392 loading class org/springframework/context/i18n/LocaleContextHolder
Event: 86.392 loading class org/springframework/context/i18n/LocaleContextHolder done
Event: 86.392 loading class org/springframework/core/NamedInheritableThreadLocal
Event: 86.392 loading class org/springframework/core/NamedInheritableThreadLocal done


Dynamic libraries:
0x00007ff7304f0000 - 0x00007ff7304fe000 	C:\Users\Ayoub Hai\.jdks\corretto-11.0.23\bin\java.exe
0x00007ffa5b890000 - 0x00007ffa5ba88000 	C:\Windows\SYSTEM32\ntdll.dll
0x00007ffa5a7c0000 - 0x00007ffa5a882000 	C:\Windows\System32\KERNEL32.DLL
0x00007ffa58f60000 - 0x00007ffa5925e000 	C:\Windows\System32\KERNELBASE.dll
0x00007ffa59380000 - 0x00007ffa59480000 	C:\Windows\System32\ucrtbase.dll
0x00007ffa502d0000 - 0x00007ffa502e7000 	C:\Users\Ayoub Hai\.jdks\corretto-11.0.23\bin\jli.dll
0x00007ffa4ffd0000 - 0x00007ffa4ffeb000 	C:\Users\Ayoub Hai\.jdks\corretto-11.0.23\bin\VCRUNTIME140.dll
0x00007ffa5a620000 - 0x00007ffa5a7bd000 	C:\Windows\System32\USER32.dll
0x00007ffa59880000 - 0x00007ffa598a2000 	C:\Windows\System32\win32u.dll
0x00007ffa5a890000 - 0x00007ffa5a8bb000 	C:\Windows\System32\GDI32.dll
0x00007ffa47fb0000 - 0x00007ffa4824a000 	C:\Windows\WinSxS\amd64_microsoft.windows.common-controls_6595b64144ccf1df_6.0.19041.4355_none_60b8b9eb71f62e16\COMCTL32.dll
0x00007ffa596c0000 - 0x00007ffa597d7000 	C:\Windows\System32\gdi32full.dll
0x00007ffa597e0000 - 0x00007ffa5987d000 	C:\Windows\System32\msvcp_win.dll
0x00007ffa5b220000 - 0x00007ffa5b2be000 	C:\Windows\System32\msvcrt.dll
0x00007ffa5a4d0000 - 0x00007ffa5a4ff000 	C:\Windows\System32\IMM32.DLL
0x00007ffa52b50000 - 0x00007ffa52b5c000 	C:\Users\Ayoub Hai\.jdks\corretto-11.0.23\bin\vcruntime140_1.dll
0x00007ffa26340000 - 0x00007ffa263cd000 	C:\Users\Ayoub Hai\.jdks\corretto-11.0.23\bin\msvcp140.dll
0x00007ffa1a3e0000 - 0x00007ffa1afa4000 	C:\Users\Ayoub Hai\.jdks\corretto-11.0.23\bin\server\jvm.dll
0x00007ffa598b0000 - 0x00007ffa59962000 	C:\Windows\System32\ADVAPI32.dll
0x00007ffa5a580000 - 0x00007ffa5a620000 	C:\Windows\System32\sechost.dll
0x00007ffa5b6b0000 - 0x00007ffa5b7d3000 	C:\Windows\System32\RPCRT4.dll
0x00007ffa58f30000 - 0x00007ffa58f57000 	C:\Windows\System32\bcrypt.dll
0x00007ffa5b6a0000 - 0x00007ffa5b6a8000 	C:\Windows\System32\PSAPI.DLL
0x00007ffa4f430000 - 0x00007ffa4f43a000 	C:\Windows\SYSTEM32\VERSION.dll
0x00007ffa4ec70000 - 0x00007ffa4ec97000 	C:\Windows\SYSTEM32\WINMM.dll
0x00007ffa424d0000 - 0x00007ffa424d9000 	C:\Windows\SYSTEM32\WSOCK32.dll
0x00007ffa5b7e0000 - 0x00007ffa5b84b000 	C:\Windows\System32\ws2_32.DLL
0x00007ffa57750000 - 0x00007ffa57762000 	C:\Windows\SYSTEM32\kernel.appcore.dll
0x00007ffa4ffc0000 - 0x00007ffa4ffd0000 	C:\Users\Ayoub Hai\.jdks\corretto-11.0.23\bin\verify.dll
0x00007ffa56d70000 - 0x00007ffa56f54000 	C:\Windows\SYSTEM32\DBGHELP.DLL
0x00007ffa47a10000 - 0x00007ffa47a44000 	C:\Windows\SYSTEM32\dbgcore.DLL
0x00007ffa594d0000 - 0x00007ffa59552000 	C:\Windows\System32\bcryptPrimitives.dll
0x00007ffa4fec0000 - 0x00007ffa4fee8000 	C:\Users\Ayoub Hai\.jdks\corretto-11.0.23\bin\java.dll
0x00007ffa4e2e0000 - 0x00007ffa4e2ea000 	C:\Users\Ayoub Hai\.jdks\corretto-11.0.23\bin\jimage.dll
0x00007ffa54a60000 - 0x00007ffa54a6e000 	C:\Users\Ayoub Hai\.jdks\corretto-11.0.23\bin\instrument.dll
0x00007ffa4e2c0000 - 0x00007ffa4e2d8000 	C:\Users\Ayoub Hai\.jdks\corretto-11.0.23\bin\zip.dll
0x00007ffa59d00000 - 0x00007ffa5a46f000 	C:\Windows\System32\SHELL32.dll
0x00007ffa56f90000 - 0x00007ffa57734000 	C:\Windows\SYSTEM32\windows.storage.dll
0x00007ffa5b2c0000 - 0x00007ffa5b613000 	C:\Windows\System32\combase.dll
0x00007ffa58960000 - 0x00007ffa5898e000 	C:\Windows\SYSTEM32\Wldp.dll
0x00007ffa59c30000 - 0x00007ffa59cfd000 	C:\Windows\System32\OLEAUT32.dll
0x00007ffa5aae0000 - 0x00007ffa5ab8d000 	C:\Windows\System32\SHCORE.dll
0x00007ffa5b620000 - 0x00007ffa5b675000 	C:\Windows\System32\shlwapi.dll
0x00007ffa58e60000 - 0x00007ffa58e84000 	C:\Windows\SYSTEM32\profapi.dll
0x00007ffa49e20000 - 0x00007ffa49e39000 	C:\Users\Ayoub Hai\.jdks\corretto-11.0.23\bin\net.dll
0x00007ffa554a0000 - 0x00007ffa555ad000 	C:\Windows\SYSTEM32\WINHTTP.dll
0x00007ffa586c0000 - 0x00007ffa5872a000 	C:\Windows\system32\mswsock.dll
0x00007ffa3cce0000 - 0x00007ffa3ccf2000 	C:\Users\Ayoub Hai\.jdks\corretto-11.0.23\bin\nio.dll
0x00007ffa54510000 - 0x00007ffa5452a000 	C:\Program Files\JetBrains\IntelliJIdea2024.2\bin\breakgen64.dll
0x00007ffa58390000 - 0x00007ffa5845a000 	C:\Windows\SYSTEM32\DNSAPI.dll
0x00007ffa58350000 - 0x00007ffa5838b000 	C:\Windows\SYSTEM32\IPHLPAPI.DLL
0x00007ffa5abf0000 - 0x00007ffa5abf8000 	C:\Windows\System32\NSI.dll
0x00007ffa53d80000 - 0x00007ffa53d8a000 	C:\Windows\System32\rasadhlp.dll
0x00007ffa52840000 - 0x00007ffa528c0000 	C:\Windows\System32\fwpuclnt.dll
0x00007ffa54750000 - 0x00007ffa54759000 	C:\Users\Ayoub Hai\.jdks\corretto-11.0.23\bin\management.dll
0x00007ffa54740000 - 0x00007ffa5474b000 	C:\Users\Ayoub Hai\.jdks\corretto-11.0.23\bin\management_ext.dll
0x00007ffa588b0000 - 0x00007ffa588c8000 	C:\Windows\SYSTEM32\CRYPTSP.dll
0x00007ffa57f70000 - 0x00007ffa57fa4000 	C:\Windows\system32\rsaenh.dll
0x00007ffa58e20000 - 0x00007ffa58e4e000 	C:\Windows\SYSTEM32\USERENV.dll
0x00007ffa588d0000 - 0x00007ffa588dc000 	C:\Windows\SYSTEM32\CRYPTBASE.dll
0x00007ffa53e00000 - 0x00007ffa53e17000 	C:\Windows\SYSTEM32\dhcpcsvc6.DLL
0x00007ffa540a0000 - 0x00007ffa540bd000 	C:\Windows\SYSTEM32\dhcpcsvc.DLL
0x00007ffa3c1d0000 - 0x00007ffa3c1e7000 	C:\Windows\system32\napinsp.dll
0x00007ffa3c1b0000 - 0x00007ffa3c1cb000 	C:\Windows\system32\pnrpnsp.dll
0x00007ffa556d0000 - 0x00007ffa556e5000 	C:\Windows\system32\wshbth.dll
0x00007ffa55480000 - 0x00007ffa5549d000 	C:\Windows\system32\NLAapi.dll
0x00007ffa3c1f0000 - 0x00007ffa3c202000 	C:\Windows\System32\winrnr.dll
0x00007ffa48e00000 - 0x00007ffa48e53000 	C:\Windows\SYSTEM32\pdh.dll
0x00007ffa54e80000 - 0x00007ffa54e8f000 	C:\Windows\System32\perfproc.dll
0x00007ffa3ae20000 - 0x00007ffa3ae2f000 	C:\Windows\System32\perfos.dll
0x00007ffa54d90000 - 0x00007ffa54db7000 	C:\Users\Ayoub Hai\.jdks\corretto-11.0.23\bin\sunec.dll
0x00007ffa56260000 - 0x00007ffa5626e000 	C:\Users\Ayoub Hai\.jdks\corretto-11.0.23\bin\sunmscapi.dll
0x00007ffa59560000 - 0x00007ffa596bc000 	C:\Windows\System32\CRYPT32.dll
0x00007ffa589d0000 - 0x00007ffa589f7000 	C:\Windows\SYSTEM32\ncrypt.dll
0x00007ffa58990000 - 0x00007ffa589cb000 	C:\Windows\SYSTEM32\NTASN1.dll

dbghelp: loaded successfully - version: 4.0.5 - missing functions: none
symbol engine: initialized successfully - sym options: 0x614 - pdb path: .;C:\Users\Ayoub Hai\.jdks\corretto-11.0.23\bin;C:\Windows\SYSTEM32;C:\Windows\WinSxS\amd64_microsoft.windows.common-controls_6595b64144ccf1df_6.0.19041.4355_none_60b8b9eb71f62e16;C:\Users\Ayoub Hai\.jdks\corretto-11.0.23\bin\server;C:\Program Files\JetBrains\IntelliJIdea2024.2\bin

VM Arguments:
jvm_args: -javaagent:C:\Program Files\JetBrains\IntelliJIdea2024.2\lib\idea_rt.jar=54377:C:\Program Files\JetBrains\IntelliJIdea2024.2\bin -Dfile.encoding=UTF-8 
java_command: com.example.expressfood.ExpressFoodApplication
java_class_path (initial): C:\Users\Ayoub Hai\Desktop\1\Express_Food\Express_Food1\target\classes;C:\Users\Ayoub Hai\.m2\repository\org\springframework\boot\spring-boot-starter-data-jpa\2.6.4\spring-boot-starter-data-jpa-2.6.4.jar;C:\Users\Ayoub Hai\.m2\repository\org\springframework\boot\spring-boot-starter-aop\2.6.4\spring-boot-starter-aop-2.6.4.jar;C:\Users\Ayoub Hai\.m2\repository\org\aspectj\aspectjweaver\1.9.7\aspectjweaver-1.9.7.jar;C:\Users\Ayoub Hai\.m2\repository\org\springframework\boot\spring-boot-starter-jdbc\2.6.4\spring-boot-starter-jdbc-2.6.4.jar;C:\Users\Ayoub Hai\.m2\repository\com\zaxxer\HikariCP\4.0.3\HikariCP-4.0.3.jar;C:\Users\Ayoub Hai\.m2\repository\org\springframework\spring-jdbc\5.3.16\spring-jdbc-5.3.16.jar;C:\Users\Ayoub Hai\.m2\repository\jakarta\transaction\jakarta.transaction-api\1.3.3\jakarta.transaction-api-1.3.3.jar;C:\Users\Ayoub Hai\.m2\repository\jakarta\persistence\jakarta.persistence-api\2.2.3\jakarta.persistence-api-2.2.3.jar;C:\Users\Ayoub Hai\.m2\repository\org\hibernate\hibernate-core\5.6.5.Final\hibernate-core-5.6.5.Final.jar;C:\Users\Ayoub Hai\.m2\repository\net\bytebuddy\byte-buddy\1.11.22\byte-buddy-1.11.22.jar;C:\Users\Ayoub Hai\.m2\repository\antlr\antlr\2.7.7\antlr-2.7.7.jar;C:\Users\Ayoub Hai\.m2\repository\org\jboss\jandex\2.4.2.Final\jandex-2.4.2.Final.jar;C:\Users\Ayoub Hai\.m2\repository\org\hibernate\common\hibernate-commons-annotations\5.1.2.Final\hibernate-commons-annotations-5.1.2.Final.jar;C:\Users\Ayoub Hai\.m2\repository\org\glassfish\jaxb\jaxb-runtime\2.3.6\jaxb-runtime-2.3.6.jar;C:\Users\Ayoub Hai\.m2\repository\org\glassfish\jaxb\txw2\2.3.6\txw2-2.3.6.jar;C:\Users\Ayoub Hai\.m2\repository\com\sun\istack\istack-commons-runtime\3.0.12\istack-commons-runtime-3.0.12.jar;C:\Users\Ayoub Hai\.m2\repository\com\sun\activation\jakarta.activation\1.2.2\jakarta.activation-1.2.2.jar;C:\Users\Ayoub Hai\.m2\repository\org\springframework\data\spring-data-jpa\2.6.2\spring-data-jpa-2.6.2.jar;C:\Users\Ayoub Hai\.m2\r
Launcher Type: SUN_STANDARD

[Global flags]
     intx CICompilerCount                          = 12                                        {product} {ergonomic}
     uint ConcGCThreads                            = 3                                         {product} {ergonomic}
     uint G1ConcRefinementThreads                  = 13                                        {product} {ergonomic}
   size_t G1HeapRegionSize                         = 1048576                                   {product} {ergonomic}
    uintx GCDrainStackTargetSize                   = 64                                        {product} {ergonomic}
   size_t InitialHeapSize                          = 260046848                                 {product} {ergonomic}
   size_t MarkStackSize                            = 4194304                                   {product} {ergonomic}
   size_t MaxHeapSize                              = 4139778048                                {product} {ergonomic}
   size_t MaxNewSize                               = 2483027968                                {product} {ergonomic}
   size_t MinHeapDeltaBytes                        = 1048576                                   {product} {ergonomic}
    uintx NonNMethodCodeHeapSize                   = 7594288                                {pd product} {ergonomic}
    uintx NonProfiledCodeHeapSize                  = 122031976                              {pd product} {ergonomic}
    uintx ProfiledCodeHeapSize                     = 122031976                              {pd product} {ergonomic}
    uintx ReservedCodeCacheSize                    = 251658240                              {pd product} {ergonomic}
     bool SegmentedCodeCache                       = true                                      {product} {ergonomic}
     bool UseCompressedClassPointers               = true                                 {lp64_product} {ergonomic}
     bool UseCompressedOops                        = true                                 {lp64_product} {ergonomic}
     bool UseG1GC                                  = true                                      {product} {ergonomic}
     bool UseLargePagesIndividualAllocation        = false                                  {pd product} {ergonomic}

Logging:
Log output configuration:
 #0: stdout all=warning uptime,level,tags
 #1: stderr all=off uptime,level,tags

Environment Variables:
JAVA_HOME=C:\Program Files\Amazon Corretto\jdk17.0.10_7
PATH=C:\Python312\Scripts\;C:\Python312\;C:\Program Files\Amazon Corretto\jdk17.0.10_7\bin;C:\Program Files\Common Files\Oracle\Java\javapath;C:\Program Files (x86)\Common Files\Oracle\Java\java8path;C:\Program Files (x86)\Common Files\Oracle\Java\javapath;C:\OracleApp\dbhomeXE\bin;C:\Windows\system32;C:\Windows;C:\Windows\System32\Wbem;C:\Windows\System32\WindowsPowerShell\v1.0\;C:\Windows\System32\OpenSSH\;C:\Program Files\Java\jdk-11.0.1\bin;C:\Program Files (x86)\Windows Kits\10\Windows Performance Toolkit\;C:\Program Files\Microsoft SQL Server\150\Tools\Binn\;C:\Program Files\Microsoft SQL Server\Client SDK\ODBC\170\Tools\Binn\;C:\Program Files\dotnet\;C:\ProgramData\chocolatey\bin;C:\Program Files\apache-maven-3.9.6\bin;C:\Program Files\Git\cmd;C:\;C:\Users\Ayoub Hai\AppData\Local\Microsoft\WindowsApps;C:\Program Files\JetBrains\PyCharm Community Edition 2023.2.5\bin;;C:\Users\Ayoub Hai\.dotnet\tools;C:\Users\Ayoub Hai\AppData\Local\Programs\Microsoft VS Code\bin;C:\Program Files\JetBrains\WebStorm 2023.3.4\bin;;C:\Users\Ayoub Hai\AppData\Roaming\npm;C:\Program Files\node js;
USERNAME=Ayoub Hai
OS=Windows_NT
PROCESSOR_IDENTIFIER=AMD64 Family 23 Model 96 Stepping 1, AuthenticAMD
TMP=C:\Users\AYOUBH~1\AppData\Local\Temp
TEMP=C:\Users\AYOUBH~1\AppData\Local\Temp



---------------  S Y S T E M  ---------------

OS: Windows 10 , 64 bit Build 19041 (10.0.19041.4957)
OS uptime: 0 days 23:59 hours

CPU:total 16 (initial active 16) (16 cores per cpu, 2 threads per core) family 23 model 96 stepping 1 microcode 0x0, cmov, cx8, fxsr, mmx, sse, sse2, sse3, ssse3, sse4.1, sse4.2, popcnt, avx, avx2, aes, clmul, mmxext, 3dnowpref, lzcnt, sse4a, ht, tsc, tscinvbit, tscinv, bmi1, bmi2, adx, sha, fma

Memory: 4k page, system-wide physical 15790M (2663M free)
TotalPageFile size 17838M (AvailPageFile size 3M)
current process WorkingSet (physical memory assigned to process): 434M, peak: 562M
current process commit charge ("private bytes"): 560M, peak: 690M

vm_info: OpenJDK 64-Bit Server VM (11.0.23+9-LTS) for windows-amd64 JRE (11.0.23+9-LTS), built on Apr 10 2024 18:40:41 by "Administrator" with MS VC++ 16.10 / 16.11 (VS2019)

END.
